Using pre-set license
Built from '2021.3/china_unity/release' branch; Version is '2021.3.18f1c1 (93698379025b) revision 9660803'; Using compiler version '192829333'; Build Type 'Release'
OS: 'Windows 11  (10.0.26100) 64bit CoreCountrySpecific' Language: 'zh' Physical Memory: 14020 MB
BatchMode: 1, IsHumanControllingUs: 0, StartBugReporterOnCrash: 0, Is64bit: 1, IsPro: 1

COMMAND LINE ARGUMENTS:
C:\Program Files\Unity\Hub\Editor\2021.3.18f1c1\Editor\Unity.exe
-adb2
-batchMode
-noUpm
-name
AssetImportWorker0
-projectPath
D:/Assessment3/Assessment3
-logFile
Logs/AssetImportWorker0.log
-srvPort
56620
Successfully changed project path to: D:/Assessment3/Assessment3
D:/Assessment3/Assessment3
[UnityMemory] Configuration Parameters - Can be set up in boot.config
    "memorysetup-bucket-allocator-granularity=16"
    "memorysetup-bucket-allocator-bucket-count=8"
    "memorysetup-bucket-allocator-block-size=33554432"
    "memorysetup-bucket-allocator-block-count=8"
    "memorysetup-main-allocator-block-size=16777216"
    "memorysetup-thread-allocator-block-size=16777216"
    "memorysetup-gfx-main-allocator-block-size=16777216"
    "memorysetup-gfx-thread-allocator-block-size=16777216"
    "memorysetup-cache-allocator-block-size=4194304"
    "memorysetup-typetree-allocator-block-size=2097152"
    "memorysetup-profiler-bucket-allocator-granularity=16"
    "memorysetup-profiler-bucket-allocator-bucket-count=8"
    "memorysetup-profiler-bucket-allocator-block-size=33554432"
    "memorysetup-profiler-bucket-allocator-block-count=8"
    "memorysetup-profiler-allocator-block-size=16777216"
    "memorysetup-profiler-editor-allocator-block-size=1048576"
    "memorysetup-temp-allocator-size-main=16777216"
    "memorysetup-job-temp-allocator-block-size=2097152"
    "memorysetup-job-temp-allocator-block-size-background=1048576"
    "memorysetup-job-temp-allocator-reduction-small-platforms=262144"
    "memorysetup-temp-allocator-size-background-worker=32768"
    "memorysetup-temp-allocator-size-job-worker=262144"
    "memorysetup-temp-allocator-size-preload-manager=33554432"
    "memorysetup-temp-allocator-size-nav-mesh-worker=65536"
    "memorysetup-temp-allocator-size-audio-worker=65536"
    "memorysetup-temp-allocator-size-cloud-worker=32768"
    "memorysetup-temp-allocator-size-gi-baking-worker=262144"
    "memorysetup-temp-allocator-size-gfx=262144"
Player connection [49728] Host "[IP] 192.168.0.102 [Port] 0 [Flags] 2 [Guid] 3825884248 [EditorId] 3825884248 [Version] 1048832 [Id] WindowsEditor(7,王李臻的电脑) [Debug] 1 [PackageName] WindowsEditor [ProjectName] Editor" joined multi-casting on [225.0.0.222:54997]...

Player connection [49728] Host "[IP] 192.168.0.102 [Port] 0 [Flags] 2 [Guid] 3825884248 [EditorId] 3825884248 [Version] 1048832 [Id] WindowsEditor(7,王李臻的电脑) [Debug] 1 [PackageName] WindowsEditor [ProjectName] Editor" joined alternative multi-casting on [225.0.0.222:34997]...

AS: AutoStreaming module initializing.
Refreshing native plugins compatible for Editor in 73.40 ms, found 3 plugins.
Preloading 0 native plugins for Editor in 0.00 ms.
Initialize engine version: 2021.3.18f1c1 (93698379025b)
[Subsystems] Discovering subsystems at path C:/Program Files/Unity/Hub/Editor/2021.3.18f1c1/Editor/Data/Resources/UnitySubsystems
[Subsystems] Discovering subsystems at path D:/Assessment3/Assessment3/Assets
GfxDevice: creating device client; threaded=0; jobified=0
Direct3D:
    Version:  Direct3D 11.0 [level 11.1]
    Renderer: AMD Radeon(TM) Graphics (ID=0x1681)
    Vendor:   ATI
    VRAM:     7010 MB
    Driver:   31.0.21024.2004
Initialize mono
Mono path[0] = 'C:/Program Files/Unity/Hub/Editor/2021.3.18f1c1/Editor/Data/Managed'
Mono path[1] = 'C:/Program Files/Unity/Hub/Editor/2021.3.18f1c1/Editor/Data/MonoBleedingEdge/lib/mono/unityjit-win32'
Mono config path = 'C:/Program Files/Unity/Hub/Editor/2021.3.18f1c1/Editor/Data/MonoBleedingEdge/etc'
Using monoOptions --debugger-agent=transport=dt_socket,embedding=1,server=y,suspend=n,address=127.0.0.1:56396
Begin MonoManager ReloadAssembly
Registering precompiled unity dll's ...
Register platform support module: C:/Program Files/Unity/Hub/Editor/2021.3.18f1c1/Editor/Data/PlaybackEngines/WebGLSupport/UnityEditor.WebGL.Extensions.dll
Register platform support module: C:/Program Files/Unity/Hub/Editor/2021.3.18f1c1/Editor/Data/PlaybackEngines/WindowsStandaloneSupport/UnityEditor.WindowsStandalone.Extensions.dll
Registered in 0.019545 seconds.
Native extension for WindowsStandalone target not found
Native extension for WebGL target not found
Refreshing native plugins compatible for Editor in 73.57 ms, found 3 plugins.
Preloading 0 native plugins for Editor in 0.00 ms.
Mono: successfully reloaded assembly
- Completed reload, in  0.659 seconds
Domain Reload Profiling:
	ReloadAssembly (660ms)
		BeginReloadAssembly (108ms)
			ExecutionOrderSort (0ms)
			DisableScriptedObjects (0ms)
			BackupInstance (0ms)
			ReleaseScriptingObjects (0ms)
			CreateAndSetChildDomain (1ms)
		EndReloadAssembly (410ms)
			LoadAssemblies (97ms)
			RebuildTransferFunctionScriptingTraits (0ms)
			SetupTypeCache (89ms)
			ReleaseScriptCaches (0ms)
			RebuildScriptCaches (24ms)
			SetupLoadedEditorAssemblies (228ms)
				LogAssemblyErrors (0ms)
				InitializePlatformSupportModulesInManaged (13ms)
				SetLoadedEditorAssemblies (0ms)
				RefreshPlugins (74ms)
				BeforeProcessingInitializeOnLoad (1ms)
				ProcessInitializeOnLoadAttributes (100ms)
				ProcessInitializeOnLoadMethodAttributes (40ms)
				AfterProcessingInitializeOnLoad (0ms)
				EditorAssembliesLoaded (0ms)
			ExecutionOrderSort2 (0ms)
			AwakeInstancesAfterBackupRestoration (0ms)
Platform modules already initialized, skipping
Registering precompiled user dll's ...
Registered in 0.011362 seconds.
Begin MonoManager ReloadAssembly
Symbol file LoadedFromMemory doesn't match image D:\Assessment3\Assessment3\Library\PackageCache\com.unity.visualscripting@1.8.0\Editor\VisualScripting.Core\Dependencies\YamlDotNet\Unity.VisualScripting.YamlDotNet.dll
Symbol file LoadedFromMemory doesn't match image D:\Assessment3\Assessment3\Library\PackageCache\com.unity.visualscripting@1.8.0\Editor\VisualScripting.Core\Dependencies\DotNetZip\Unity.VisualScripting.IonicZip.dll
Native extension for WindowsStandalone target not found
Native extension for WebGL target not found
Refreshing native plugins compatible for Editor in 0.90 ms, found 3 plugins.
Preloading 0 native plugins for Editor in 0.00 ms.
Mono: successfully reloaded assembly
- Completed reload, in  0.999 seconds
Domain Reload Profiling:
	ReloadAssembly (999ms)
		BeginReloadAssembly (145ms)
			ExecutionOrderSort (0ms)
			DisableScriptedObjects (5ms)
			BackupInstance (0ms)
			ReleaseScriptingObjects (0ms)
			CreateAndSetChildDomain (20ms)
		EndReloadAssembly (718ms)
			LoadAssemblies (113ms)
			RebuildTransferFunctionScriptingTraits (0ms)
			SetupTypeCache (201ms)
			ReleaseScriptCaches (1ms)
			RebuildScriptCaches (38ms)
			SetupLoadedEditorAssemblies (346ms)
				LogAssemblyErrors (0ms)
				InitializePlatformSupportModulesInManaged (11ms)
				SetLoadedEditorAssemblies (0ms)
				RefreshPlugins (1ms)
				BeforeProcessingInitializeOnLoad (107ms)
				ProcessInitializeOnLoadAttributes (177ms)
				ProcessInitializeOnLoadMethodAttributes (15ms)
				AfterProcessingInitializeOnLoad (35ms)
				EditorAssembliesLoaded (0ms)
			ExecutionOrderSort2 (0ms)
			AwakeInstancesAfterBackupRestoration (7ms)
Platform modules already initialized, skipping
========================================================================
Worker process is ready to serve import requests
Launched and connected shader compiler UnityShaderCompiler.exe after 0.05 seconds
Refreshing native plugins compatible for Editor in 0.81 ms, found 3 plugins.
Preloading 0 native plugins for Editor in 0.00 ms.
Unloading 3232 Unused Serialized files (Serialized files now loaded: 0)
Unloading 24 unused Assets / (415.3 KB). Loaded Objects now: 3717.
Memory consumption went from 151.9 MB to 151.5 MB.
Total: 3.374200 ms (FindLiveObjects: 0.326500 ms CreateObjectMapping: 0.116200 ms MarkObjects: 2.689800 ms  DeleteObjects: 0.239800 ms)

AssetImportParameters requested are different than current active one (requested -> active):
  custom:video-decoder-ogg-theora: a1e56fd34408186e4bbccfd4996cb3dc -> 
  custom:container-muxer-webm: aa71ff27fc2769a1b78a27578f13a17b -> 
  custom:container-demuxer-webm: 4f35f7cbe854078d1ac9338744f61a02 -> 
  custom:video-encoder-webm-vp8: eb34c28f22e8b96e1ab97ce403110664 -> 
  custom:video-codec-MediaFoundation-h265: 746d11721c4dcdbdad8f713fa42b33f4 -> 
  custom:audio-encoder-webm-vorbis: bf7c407c2cedff20999df2af8eb42d56 -> 
  custom:framework-win-MediaFoundation: 216162199b28c13a410421893ffa2e32 -> 
  custom:container-demuxer-ogg: 62fdf1f143b41e24485cea50d1cbac27 -> 
  custom:video-decoder-webm-vp8: 9c59270c3fd7afecdb556c50c9e8de78 -> 
  custom:audio-decoder-ogg-vorbis: bf7c407c2cedff20999df2af8eb42d56 -> 
========================================================================
Received Import Request.
  Time since last request: 326822.674759 seconds.
  path: Assets/New Terrain.asset
  artifactKey: Guid(cae810bf13a20644fa64060714926776) Importer(815301076,1909f56bfc062723c751e8b465ee728b)
Start importing Assets/New Terrain.asset using Guid(cae810bf13a20644fa64060714926776) Importer(815301076,1909f56bfc062723c751e8b465ee728b)  -> (artifact id: 'b1faa5df6914b807d5007257a7691069') in 0.086096 seconds 
========================================================================
Received Prepare
Registering precompiled user dll's ...
Registered in 0.010848 seconds.
Begin MonoManager ReloadAssembly
Symbol file LoadedFromMemory doesn't match image D:\Assessment3\Assessment3\Library\PackageCache\com.unity.visualscripting@1.8.0\Editor\VisualScripting.Core\Dependencies\YamlDotNet\Unity.VisualScripting.YamlDotNet.dll
Symbol file LoadedFromMemory doesn't match image D:\Assessment3\Assessment3\Library\PackageCache\com.unity.visualscripting@1.8.0\Editor\VisualScripting.Core\Dependencies\DotNetZip\Unity.VisualScripting.IonicZip.dll
Native extension for WindowsStandalone target not found
Native extension for WebGL target not found
Refreshing native plugins compatible for Editor in 1.20 ms, found 3 plugins.
Preloading 0 native plugins for Editor in 0.00 ms.
Mono: successfully reloaded assembly
- Completed reload, in  1.389 seconds
Domain Reload Profiling:
	ReloadAssembly (1390ms)
		BeginReloadAssembly (218ms)
			ExecutionOrderSort (0ms)
			DisableScriptedObjects (5ms)
			BackupInstance (0ms)
			ReleaseScriptingObjects (0ms)
			CreateAndSetChildDomain (34ms)
		EndReloadAssembly (1006ms)
			LoadAssemblies (171ms)
			RebuildTransferFunctionScriptingTraits (0ms)
			SetupTypeCache (325ms)
			ReleaseScriptCaches (2ms)
			RebuildScriptCaches (47ms)
			SetupLoadedEditorAssemblies (426ms)
				LogAssemblyErrors (0ms)
				InitializePlatformSupportModulesInManaged (28ms)
				SetLoadedEditorAssemblies (1ms)
				RefreshPlugins (1ms)
				BeforeProcessingInitializeOnLoad (110ms)
				ProcessInitializeOnLoadAttributes (214ms)
				ProcessInitializeOnLoadMethodAttributes (22ms)
				AfterProcessingInitializeOnLoad (50ms)
				EditorAssembliesLoaded (0ms)
			ExecutionOrderSort2 (0ms)
			AwakeInstancesAfterBackupRestoration (14ms)
Platform modules already initialized, skipping
Refreshing native plugins compatible for Editor in 3.53 ms, found 3 plugins.
Preloading 0 native plugins for Editor in 0.00 ms.
Unloading 3138 Unused Serialized files (Serialized files now loaded: 0)
Unloading 17 unused Assets / (414.5 KB). Loaded Objects now: 3721.
Memory consumption went from 142.2 MB to 141.8 MB.
Total: 4.434400 ms (FindLiveObjects: 0.484000 ms CreateObjectMapping: 0.339600 ms MarkObjects: 3.161700 ms  DeleteObjects: 0.447300 ms)

AssetImportParameters requested are different than current active one (requested -> active):
  custom:video-decoder-ogg-theora: a1e56fd34408186e4bbccfd4996cb3dc -> 
  custom:container-muxer-webm: aa71ff27fc2769a1b78a27578f13a17b -> 
  custom:container-demuxer-webm: 4f35f7cbe854078d1ac9338744f61a02 -> 
  custom:video-encoder-webm-vp8: eb34c28f22e8b96e1ab97ce403110664 -> 
  custom:video-codec-MediaFoundation-h265: 746d11721c4dcdbdad8f713fa42b33f4 -> 
  custom:audio-encoder-webm-vorbis: bf7c407c2cedff20999df2af8eb42d56 -> 
  custom:framework-win-MediaFoundation: 216162199b28c13a410421893ffa2e32 -> 
  custom:container-demuxer-ogg: 62fdf1f143b41e24485cea50d1cbac27 -> 
  custom:video-decoder-webm-vp8: 9c59270c3fd7afecdb556c50c9e8de78 -> 
  custom:audio-decoder-ogg-vorbis: bf7c407c2cedff20999df2af8eb42d56 -> 
========================================================================
Received Import Request.
  Time since last request: 86.381509 seconds.
  path: Assets/Scenes/Page1.unity
  artifactKey: Guid(9fc0d4010bbf28b4594072e72b8655ab) Importer(815301076,1909f56bfc062723c751e8b465ee728b)
Start importing Assets/Scenes/Page1.unity using Guid(9fc0d4010bbf28b4594072e72b8655ab) Importer(815301076,1909f56bfc062723c751e8b465ee728b)  -> (artifact id: '711aa694c20cd2c697f0f3dfcaff01b9') in 0.022030 seconds 
========================================================================
Received Import Request.
  Time since last request: 1.487935 seconds.
  path: Assets/Scenes/Page3.unity
  artifactKey: Guid(73112a3f5d318e140880d8fcb2a2490a) Importer(815301076,1909f56bfc062723c751e8b465ee728b)
Start importing Assets/Scenes/Page3.unity using Guid(73112a3f5d318e140880d8fcb2a2490a) Importer(815301076,1909f56bfc062723c751e8b465ee728b)  -> (artifact id: 'cb54626eb77bd002b4e104795b9d9699') in 0.016556 seconds 
========================================================================
Received Import Request.
  Time since last request: 0.313529 seconds.
  path: Assets/Scenes/Page2.unity
  artifactKey: Guid(c4016f0083673694089fbdc524dd8ac2) Importer(815301076,1909f56bfc062723c751e8b465ee728b)
Start importing Assets/Scenes/Page2.unity using Guid(c4016f0083673694089fbdc524dd8ac2) Importer(815301076,1909f56bfc062723c751e8b465ee728b)  -> (artifact id: '5959256cf4a1e8cdd5b0159f96938189') in 0.014561 seconds 
========================================================================
Received Import Request.
  Time since last request: 44.731004 seconds.
  path: Assets/P2Animals/Animals_FREE
  artifactKey: Guid(023da87b05e784a4d85c07040f0dcaf2) Importer(815301076,1909f56bfc062723c751e8b465ee728b)
Start importing Assets/P2Animals/Animals_FREE using Guid(023da87b05e784a4d85c07040f0dcaf2) Importer(815301076,1909f56bfc062723c751e8b465ee728b)  -> (artifact id: '60100229c253da09c829ba00b79e1970') in 0.017844 seconds 
========================================================================
Received Import Request.
  Time since last request: 49.225845 seconds.
  path: Assets/ZhenScripts
  artifactKey: Guid(8d9c43d1d41e5844694e3d82e06197a0) Importer(815301076,1909f56bfc062723c751e8b465ee728b)
Start importing Assets/ZhenScripts using Guid(8d9c43d1d41e5844694e3d82e06197a0) Importer(815301076,1909f56bfc062723c751e8b465ee728b)  -> (artifact id: '3dfb7f6f6f56027a4d57ef5da6ed6ad9') in 0.013966 seconds 
========================================================================
Received Import Request.
  Time since last request: 299.450287 seconds.
  path: Assets/Prefabs/Cherry.prefab
  artifactKey: Guid(493c99cec0433164395204f50499f974) Importer(815301076,1909f56bfc062723c751e8b465ee728b)
Start importing Assets/Prefabs/Cherry.prefab using Guid(493c99cec0433164395204f50499f974) Importer(815301076,1909f56bfc062723c751e8b465ee728b)  -> (artifact id: 'eda11f798e703619e99ed192fc10d28d') in 0.126066 seconds 
========================================================================
Received Import Request.
  Time since last request: 566.596725 seconds.
  path: Assets/Scenes/HomePage.unity
  artifactKey: Guid(a38b5bba20eb17c41a4604bdc1a183d4) Importer(815301076,1909f56bfc062723c751e8b465ee728b)
Start importing Assets/Scenes/HomePage.unity using Guid(a38b5bba20eb17c41a4604bdc1a183d4) Importer(815301076,1909f56bfc062723c751e8b465ee728b)  -> (artifact id: '3425c0dbebab17d80271957fce5b7105') in 0.017044 seconds 
========================================================================
Received Prepare
The file 'UserSettings/EditorUserSettings.asset' seems to have merge conflicts. Please open it in a text editor and fix the merge.
Trying to reload asset but can't find object on disk
Registering precompiled user dll's ...
Registered in 0.012586 seconds.
Begin MonoManager ReloadAssembly
Symbol file LoadedFromMemory doesn't match image D:\Assessment3\Assessment3\Library\PackageCache\com.unity.visualscripting@1.8.0\Editor\VisualScripting.Core\Dependencies\YamlDotNet\Unity.VisualScripting.YamlDotNet.dll
Symbol file LoadedFromMemory doesn't match image D:\Assessment3\Assessment3\Library\PackageCache\com.unity.visualscripting@1.8.0\Editor\VisualScripting.Core\Dependencies\DotNetZip\Unity.VisualScripting.IonicZip.dll
Native extension for WindowsStandalone target not found
Native extension for WebGL target not found
Refreshing native plugins compatible for Editor in 1.50 ms, found 3 plugins.
Preloading 0 native plugins for Editor in 0.00 ms.
Mono: successfully reloaded assembly
- Completed reload, in  1.744 seconds
Domain Reload Profiling:
	ReloadAssembly (1747ms)
		BeginReloadAssembly (563ms)
			ExecutionOrderSort (0ms)
			DisableScriptedObjects (19ms)
			BackupInstance (0ms)
			ReleaseScriptingObjects (1ms)
			CreateAndSetChildDomain (235ms)
		EndReloadAssembly (998ms)
			LoadAssemblies (220ms)
			RebuildTransferFunctionScriptingTraits (0ms)
			SetupTypeCache (315ms)
			ReleaseScriptCaches (2ms)
			RebuildScriptCaches (45ms)
			SetupLoadedEditorAssemblies (430ms)
				LogAssemblyErrors (0ms)
				InitializePlatformSupportModulesInManaged (28ms)
				SetLoadedEditorAssemblies (1ms)
				RefreshPlugins (2ms)
				BeforeProcessingInitializeOnLoad (115ms)
				ProcessInitializeOnLoadAttributes (215ms)
				ProcessInitializeOnLoadMethodAttributes (18ms)
				AfterProcessingInitializeOnLoad (50ms)
				EditorAssembliesLoaded (0ms)
			ExecutionOrderSort2 (0ms)
			AwakeInstancesAfterBackupRestoration (12ms)
Platform modules already initialized, skipping
Refreshing native plugins compatible for Editor in 3.08 ms, found 3 plugins.
Preloading 0 native plugins for Editor in 0.00 ms.
Unloading 3138 Unused Serialized files (Serialized files now loaded: 0)
Unloading 17 unused Assets / (391.2 KB). Loaded Objects now: 3731.
Memory consumption went from 146.7 MB to 146.4 MB.
Total: 5.223000 ms (FindLiveObjects: 0.576300 ms CreateObjectMapping: 0.199000 ms MarkObjects: 3.960200 ms  DeleteObjects: 0.486200 ms)

AssetImportParameters requested are different than current active one (requested -> active):
  custom:video-decoder-ogg-theora: a1e56fd34408186e4bbccfd4996cb3dc -> 
  custom:container-muxer-webm: aa71ff27fc2769a1b78a27578f13a17b -> 
  custom:container-demuxer-webm: 4f35f7cbe854078d1ac9338744f61a02 -> 
  custom:video-encoder-webm-vp8: eb34c28f22e8b96e1ab97ce403110664 -> 
  custom:video-codec-MediaFoundation-h265: 746d11721c4dcdbdad8f713fa42b33f4 -> 
  custom:audio-encoder-webm-vorbis: bf7c407c2cedff20999df2af8eb42d56 -> 
  custom:framework-win-MediaFoundation: 216162199b28c13a410421893ffa2e32 -> 
  custom:container-demuxer-ogg: 62fdf1f143b41e24485cea50d1cbac27 -> 
  custom:video-decoder-webm-vp8: 9c59270c3fd7afecdb556c50c9e8de78 -> 
  custom:audio-decoder-ogg-vorbis: bf7c407c2cedff20999df2af8eb42d56 -> 
========================================================================
Received Prepare
Registering precompiled user dll's ...
Registered in 0.010278 seconds.
Begin MonoManager ReloadAssembly
Symbol file LoadedFromMemory doesn't match image D:\Assessment3\Assessment3\Library\PackageCache\com.unity.visualscripting@1.8.0\Editor\VisualScripting.Core\Dependencies\YamlDotNet\Unity.VisualScripting.YamlDotNet.dll
Symbol file LoadedFromMemory doesn't match image D:\Assessment3\Assessment3\Library\PackageCache\com.unity.visualscripting@1.8.0\Editor\VisualScripting.Core\Dependencies\DotNetZip\Unity.VisualScripting.IonicZip.dll
Native extension for WindowsStandalone target not found
Native extension for WebGL target not found
Refreshing native plugins compatible for Editor in 0.95 ms, found 3 plugins.
Preloading 0 native plugins for Editor in 0.00 ms.
Mono: successfully reloaded assembly
- Completed reload, in  1.230 seconds
Domain Reload Profiling:
	ReloadAssembly (1231ms)
		BeginReloadAssembly (232ms)
			ExecutionOrderSort (0ms)
			DisableScriptedObjects (5ms)
			BackupInstance (0ms)
			ReleaseScriptingObjects (0ms)
			CreateAndSetChildDomain (44ms)
		EndReloadAssembly (830ms)
			LoadAssemblies (167ms)
			RebuildTransferFunctionScriptingTraits (0ms)
			SetupTypeCache (251ms)
			ReleaseScriptCaches (2ms)
			RebuildScriptCaches (43ms)
			SetupLoadedEditorAssemblies (361ms)
				LogAssemblyErrors (0ms)
				InitializePlatformSupportModulesInManaged (20ms)
				SetLoadedEditorAssemblies (0ms)
				RefreshPlugins (1ms)
				BeforeProcessingInitializeOnLoad (100ms)
				ProcessInitializeOnLoadAttributes (180ms)
				ProcessInitializeOnLoadMethodAttributes (18ms)
				AfterProcessingInitializeOnLoad (41ms)
				EditorAssembliesLoaded (0ms)
			ExecutionOrderSort2 (0ms)
			AwakeInstancesAfterBackupRestoration (9ms)
Platform modules already initialized, skipping
Refreshing native plugins compatible for Editor in 4.19 ms, found 3 plugins.
Preloading 0 native plugins for Editor in 0.00 ms.
Unloading 3138 Unused Serialized files (Serialized files now loaded: 0)
Unloading 17 unused Assets / (383.6 KB). Loaded Objects now: 3734.
Memory consumption went from 146.7 MB to 146.4 MB.
Total: 3.627600 ms (FindLiveObjects: 0.395700 ms CreateObjectMapping: 0.250200 ms MarkObjects: 2.646200 ms  DeleteObjects: 0.334200 ms)

AssetImportParameters requested are different than current active one (requested -> active):
  custom:video-decoder-ogg-theora: a1e56fd34408186e4bbccfd4996cb3dc -> 
  custom:container-muxer-webm: aa71ff27fc2769a1b78a27578f13a17b -> 
  custom:container-demuxer-webm: 4f35f7cbe854078d1ac9338744f61a02 -> 
  custom:video-encoder-webm-vp8: eb34c28f22e8b96e1ab97ce403110664 -> 
  custom:video-codec-MediaFoundation-h265: 746d11721c4dcdbdad8f713fa42b33f4 -> 
  custom:audio-encoder-webm-vorbis: bf7c407c2cedff20999df2af8eb42d56 -> 
  custom:framework-win-MediaFoundation: 216162199b28c13a410421893ffa2e32 -> 
  custom:container-demuxer-ogg: 62fdf1f143b41e24485cea50d1cbac27 -> 
  custom:video-decoder-webm-vp8: 9c59270c3fd7afecdb556c50c9e8de78 -> 
  custom:audio-decoder-ogg-vorbis: bf7c407c2cedff20999df2af8eb42d56 -> 
========================================================================
Received Prepare
Registering precompiled user dll's ...
Registered in 0.013613 seconds.
Begin MonoManager ReloadAssembly
Symbol file LoadedFromMemory doesn't match image D:\Assessment3\Assessment3\Library\PackageCache\com.unity.visualscripting@1.8.0\Editor\VisualScripting.Core\Dependencies\YamlDotNet\Unity.VisualScripting.YamlDotNet.dll
Symbol file LoadedFromMemory doesn't match image D:\Assessment3\Assessment3\Library\PackageCache\com.unity.visualscripting@1.8.0\Editor\VisualScripting.Core\Dependencies\DotNetZip\Unity.VisualScripting.IonicZip.dll
Native extension for WindowsStandalone target not found
Native extension for WebGL target not found
Refreshing native plugins compatible for Editor in 1.79 ms, found 3 plugins.
Preloading 0 native plugins for Editor in 0.00 ms.
Mono: successfully reloaded assembly
- Completed reload, in  1.500 seconds
Domain Reload Profiling:
	ReloadAssembly (1501ms)
		BeginReloadAssembly (278ms)
			ExecutionOrderSort (0ms)
			DisableScriptedObjects (4ms)
			BackupInstance (0ms)
			ReleaseScriptingObjects (0ms)
			CreateAndSetChildDomain (52ms)
		EndReloadAssembly (1025ms)
			LoadAssemblies (204ms)
			RebuildTransferFunctionScriptingTraits (0ms)
			SetupTypeCache (306ms)
			ReleaseScriptCaches (2ms)
			RebuildScriptCaches (49ms)
			SetupLoadedEditorAssemblies (458ms)
				LogAssemblyErrors (0ms)
				InitializePlatformSupportModulesInManaged (27ms)
				SetLoadedEditorAssemblies (1ms)
				RefreshPlugins (2ms)
				BeforeProcessingInitializeOnLoad (131ms)
				ProcessInitializeOnLoadAttributes (218ms)
				ProcessInitializeOnLoadMethodAttributes (23ms)
				AfterProcessingInitializeOnLoad (56ms)
				EditorAssembliesLoaded (0ms)
			ExecutionOrderSort2 (0ms)
			AwakeInstancesAfterBackupRestoration (13ms)
Platform modules already initialized, skipping
Refreshing native plugins compatible for Editor in 3.81 ms, found 3 plugins.
Preloading 0 native plugins for Editor in 0.00 ms.
Unloading 3138 Unused Serialized files (Serialized files now loaded: 0)
Unloading 17 unused Assets / (391.3 KB). Loaded Objects now: 3737.
Memory consumption went from 146.8 MB to 146.4 MB.
Total: 4.736700 ms (FindLiveObjects: 0.543600 ms CreateObjectMapping: 0.374200 ms MarkObjects: 3.351400 ms  DeleteObjects: 0.465200 ms)

AssetImportParameters requested are different than current active one (requested -> active):
  custom:video-decoder-ogg-theora: a1e56fd34408186e4bbccfd4996cb3dc -> 
  custom:container-muxer-webm: aa71ff27fc2769a1b78a27578f13a17b -> 
  custom:container-demuxer-webm: 4f35f7cbe854078d1ac9338744f61a02 -> 
  custom:video-encoder-webm-vp8: eb34c28f22e8b96e1ab97ce403110664 -> 
  custom:video-codec-MediaFoundation-h265: 746d11721c4dcdbdad8f713fa42b33f4 -> 
  custom:audio-encoder-webm-vorbis: bf7c407c2cedff20999df2af8eb42d56 -> 
  custom:framework-win-MediaFoundation: 216162199b28c13a410421893ffa2e32 -> 
  custom:container-demuxer-ogg: 62fdf1f143b41e24485cea50d1cbac27 -> 
  custom:video-decoder-webm-vp8: 9c59270c3fd7afecdb556c50c9e8de78 -> 
  custom:audio-decoder-ogg-vorbis: bf7c407c2cedff20999df2af8eb42d56 -> 
========================================================================
Received Import Request.
  Time since last request: 18077.391926 seconds.
  path: Assets/Scenes/Page1.unity
  artifactKey: Guid(9fc0d4010bbf28b4594072e72b8655ab) Importer(815301076,1909f56bfc062723c751e8b465ee728b)
Start importing Assets/Scenes/Page1.unity using Guid(9fc0d4010bbf28b4594072e72b8655ab) Importer(815301076,1909f56bfc062723c751e8b465ee728b)  -> (artifact id: 'eea2ba81f56e465228512e4e63b83082') in 0.208628 seconds 
========================================================================
Received Import Request.
  Time since last request: 11.698772 seconds.
  path: Assets/_TerrainAutoUpgrade/layer_ground02ddfc8d7f3483abd.terrainlayer
  artifactKey: Guid(e180fab28feba8e47835634965e86e50) Importer(815301076,1909f56bfc062723c751e8b465ee728b)
Start importing Assets/_TerrainAutoUpgrade/layer_ground02ddfc8d7f3483abd.terrainlayer using Guid(e180fab28feba8e47835634965e86e50) Importer(815301076,1909f56bfc062723c751e8b465ee728b)  -> (artifact id: 'e8b167ad3afe0e229bdb1a2788e069ac') in 0.210535 seconds 
========================================================================
Received Import Request.
  Time since last request: 0.000035 seconds.
  path: Assets/_TerrainAutoUpgrade/layer_ground012023054508611406.terrainlayer
  artifactKey: Guid(b7ffa8d68338425409b3eb9f20734a9e) Importer(815301076,1909f56bfc062723c751e8b465ee728b)
Start importing Assets/_TerrainAutoUpgrade/layer_ground012023054508611406.terrainlayer using Guid(b7ffa8d68338425409b3eb9f20734a9e) Importer(815301076,1909f56bfc062723c751e8b465ee728b)  -> (artifact id: 'b2a5cfa9d6ac71f2230d2d60f3a81bfb') in 0.054301 seconds 
========================================================================
Received Import Request.
  Time since last request: 0.000041 seconds.
  path: Assets/_TerrainAutoUpgrade/layer_ground01793646612c42751.terrainlayer
  artifactKey: Guid(89ac0c5b163697b42b1768af7248c302) Importer(815301076,1909f56bfc062723c751e8b465ee728b)
Start importing Assets/_TerrainAutoUpgrade/layer_ground01793646612c42751.terrainlayer using Guid(89ac0c5b163697b42b1768af7248c302) Importer(815301076,1909f56bfc062723c751e8b465ee728b)  -> (artifact id: 'b49e246450db8926bb5cf0216708bd89') in 0.042417 seconds 
========================================================================
Received Import Request.
  Time since last request: 4757.189965 seconds.
  path: Assets/P2Animals/Animals_FREE/Render_Pipeline_Convert
  artifactKey: Guid(0c8d1a4555fa5a246a8b7ebeb5cc6c77) Importer(815301076,1909f56bfc062723c751e8b465ee728b)
Start importing Assets/P2Animals/Animals_FREE/Render_Pipeline_Convert using Guid(0c8d1a4555fa5a246a8b7ebeb5cc6c77) Importer(815301076,1909f56bfc062723c751e8b465ee728b)  -> (artifact id: 'd4d65214e110016d4f126169b13b39e1') in 0.026908 seconds 
========================================================================
Received Import Request.
  Time since last request: 0.323630 seconds.
  path: Assets/P2Animals/Animals_FREE/Scenes
  artifactKey: Guid(217299a1fa3ec9543b1583ddb594245a) Importer(815301076,1909f56bfc062723c751e8b465ee728b)
Start importing Assets/P2Animals/Animals_FREE/Scenes using Guid(217299a1fa3ec9543b1583ddb594245a) Importer(815301076,1909f56bfc062723c751e8b465ee728b)  -> (artifact id: 'd872a9ffa501597aadf55ca8ccbbee87') in 0.031363 seconds 
========================================================================
Received Import Request.
  Time since last request: 0.888244 seconds.
  path: Assets/P2Animals/Animals_FREE/Scenes/Demonstration.unity
  artifactKey: Guid(21e43beb96b93424a9f3754cf4ea05d8) Importer(815301076,1909f56bfc062723c751e8b465ee728b)
Start importing Assets/P2Animals/Animals_FREE/Scenes/Demonstration.unity using Guid(21e43beb96b93424a9f3754cf4ea05d8) Importer(815301076,1909f56bfc062723c751e8b465ee728b)  -> (artifact id: 'fa24dd057daeb821842603f2bae545c1') in 0.032225 seconds 
========================================================================
Received Import Request.
  Time since last request: 49512.318173 seconds.
  path: Assets/MaximeBrunoni/BridgesPack/Demo/Scene
  artifactKey: Guid(a9a56264344e0df48a16383a60607cf1) Importer(815301076,1909f56bfc062723c751e8b465ee728b)
Start importing Assets/MaximeBrunoni/BridgesPack/Demo/Scene using Guid(a9a56264344e0df48a16383a60607cf1) Importer(815301076,1909f56bfc062723c751e8b465ee728b)  -> (artifact id: '34b13f0b8e6a7629eaf2f82384a362b6') in 0.027219 seconds 
========================================================================
Received Import Request.
  Time since last request: 1.122211 seconds.
  path: Assets/MaximeBrunoni/BridgesPack/Demo/Scene/DemoScene_BridgesPack.unity
  artifactKey: Guid(87885fbba7363e045bd85c381ac25628) Importer(815301076,1909f56bfc062723c751e8b465ee728b)
Start importing Assets/MaximeBrunoni/BridgesPack/Demo/Scene/DemoScene_BridgesPack.unity using Guid(87885fbba7363e045bd85c381ac25628) Importer(815301076,1909f56bfc062723c751e8b465ee728b)  -> (artifact id: '7388e4c8235d1a84d80ed6c400d58203') in 0.025208 seconds 
========================================================================
Received Import Request.
  Time since last request: 96.834143 seconds.
  path: Assets/MaximeBrunoni/BridgesPack/Art/Meshes/BridgeHanging.fbx
  artifactKey: Guid(90e6e3e05613b6942979075cfaf65038) Importer(815301076,1909f56bfc062723c751e8b465ee728b)
Start importing Assets/MaximeBrunoni/BridgesPack/Art/Meshes/BridgeHanging.fbx using Guid(90e6e3e05613b6942979075cfaf65038) Importer(815301076,1909f56bfc062723c751e8b465ee728b)  -> (artifact id: 'e7d22ea45e8c20bdcc0188d3b83a6ab7') in 0.482033 seconds 
========================================================================
Received Import Request.
  Time since last request: 0.000044 seconds.
  path: Assets/MaximeBrunoni/BridgesPack/Art/Meshes/SmallBoat.fbx
  artifactKey: Guid(96fb5f7e612ed0e449c24cb45dbfbdbe) Importer(815301076,1909f56bfc062723c751e8b465ee728b)
Start importing Assets/MaximeBrunoni/BridgesPack/Art/Meshes/SmallBoat.fbx using Guid(96fb5f7e612ed0e449c24cb45dbfbdbe) Importer(815301076,1909f56bfc062723c751e8b465ee728b)  -> (artifact id: '612b5afdfc53f1b8f2cb251d7ef6316f') in 0.176680 seconds 
========================================================================
Received Import Request.
  Time since last request: 0.000114 seconds.
  path: Assets/MaximeBrunoni/BridgesPack/Art/Meshes/BridgeRockBroken.fbx
  artifactKey: Guid(2b39041fe0bd9a74f83447d7fcc06e52) Importer(815301076,1909f56bfc062723c751e8b465ee728b)
Start importing Assets/MaximeBrunoni/BridgesPack/Art/Meshes/BridgeRockBroken.fbx using Guid(2b39041fe0bd9a74f83447d7fcc06e52) Importer(815301076,1909f56bfc062723c751e8b465ee728b)  -> (artifact id: '9a520ed37e8ea2b7ee81557498ec18e5') in 0.178579 seconds 
========================================================================
Received Import Request.
  Time since last request: 0.000034 seconds.
  path: Assets/MaximeBrunoni/BridgesPack/Art/Meshes/Pedestal.fbx
  artifactKey: Guid(162478e743dc86e4186c7867ffed50c1) Importer(815301076,1909f56bfc062723c751e8b465ee728b)
Start importing Assets/MaximeBrunoni/BridgesPack/Art/Meshes/Pedestal.fbx using Guid(162478e743dc86e4186c7867ffed50c1) Importer(815301076,1909f56bfc062723c751e8b465ee728b)  -> (artifact id: '076e680c7df5b4f2f5e23e93145da0e1') in 0.150862 seconds 
========================================================================
Received Prepare
Registering precompiled user dll's ...
Registered in 0.010840 seconds.
Begin MonoManager ReloadAssembly
Symbol file LoadedFromMemory doesn't match image D:\Assessment3\Assessment3\Library\PackageCache\com.unity.visualscripting@1.8.0\Editor\VisualScripting.Core\Dependencies\YamlDotNet\Unity.VisualScripting.YamlDotNet.dll
Symbol file LoadedFromMemory doesn't match image D:\Assessment3\Assessment3\Library\PackageCache\com.unity.visualscripting@1.8.0\Editor\VisualScripting.Core\Dependencies\DotNetZip\Unity.VisualScripting.IonicZip.dll
Native extension for WindowsStandalone target not found
Native extension for WebGL target not found
Refreshing native plugins compatible for Editor in 0.86 ms, found 3 plugins.
Preloading 0 native plugins for Editor in 0.00 ms.
Mono: successfully reloaded assembly
- Completed reload, in  1.273 seconds
Domain Reload Profiling:
	ReloadAssembly (1274ms)
		BeginReloadAssembly (375ms)
			ExecutionOrderSort (0ms)
			DisableScriptedObjects (11ms)
			BackupInstance (0ms)
			ReleaseScriptingObjects (0ms)
			CreateAndSetChildDomain (150ms)
		EndReloadAssembly (757ms)
			LoadAssemblies (176ms)
			RebuildTransferFunctionScriptingTraits (0ms)
			SetupTypeCache (246ms)
			ReleaseScriptCaches (3ms)
			RebuildScriptCaches (34ms)
			SetupLoadedEditorAssemblies (317ms)
				LogAssemblyErrors (0ms)
				InitializePlatformSupportModulesInManaged (19ms)
				SetLoadedEditorAssemblies (1ms)
				RefreshPlugins (1ms)
				BeforeProcessingInitializeOnLoad (85ms)
				ProcessInitializeOnLoadAttributes (153ms)
				ProcessInitializeOnLoadMethodAttributes (15ms)
				AfterProcessingInitializeOnLoad (42ms)
				EditorAssembliesLoaded (0ms)
			ExecutionOrderSort2 (0ms)
			AwakeInstancesAfterBackupRestoration (8ms)
Platform modules already initialized, skipping
Refreshing native plugins compatible for Editor in 3.45 ms, found 3 plugins.
Preloading 0 native plugins for Editor in 0.00 ms.
Unloading 3140 Unused Serialized files (Serialized files now loaded: 0)
Unloading 17 unused Assets / (383.8 KB). Loaded Objects now: 3749.
Memory consumption went from 147.1 MB to 146.8 MB.
Total: 4.178200 ms (FindLiveObjects: 0.357800 ms CreateObjectMapping: 0.092400 ms MarkObjects: 3.413400 ms  DeleteObjects: 0.313800 ms)

AssetImportParameters requested are different than current active one (requested -> active):
  custom:video-decoder-ogg-theora: a1e56fd34408186e4bbccfd4996cb3dc -> 
  custom:container-muxer-webm: aa71ff27fc2769a1b78a27578f13a17b -> 
  custom:container-demuxer-webm: 4f35f7cbe854078d1ac9338744f61a02 -> 
  custom:video-encoder-webm-vp8: eb34c28f22e8b96e1ab97ce403110664 -> 
  custom:video-codec-MediaFoundation-h265: 746d11721c4dcdbdad8f713fa42b33f4 -> 
  custom:audio-encoder-webm-vorbis: bf7c407c2cedff20999df2af8eb42d56 -> 
  custom:framework-win-MediaFoundation: 216162199b28c13a410421893ffa2e32 -> 
  custom:container-demuxer-ogg: 62fdf1f143b41e24485cea50d1cbac27 -> 
  custom:video-decoder-webm-vp8: 9c59270c3fd7afecdb556c50c9e8de78 -> 
  custom:audio-decoder-ogg-vorbis: bf7c407c2cedff20999df2af8eb42d56 -> 
========================================================================
Received Import Request.
  Time since last request: 2804.052410 seconds.
  path: Assets/MaximeBrunoni/BridgesPack/Art/Materials/BridgeHanging.mat
  artifactKey: Guid(a5c88f5ceb5dadc4a948359149697782) Importer(815301076,1909f56bfc062723c751e8b465ee728b)
Start importing Assets/MaximeBrunoni/BridgesPack/Art/Materials/BridgeHanging.mat using Guid(a5c88f5ceb5dadc4a948359149697782) Importer(815301076,1909f56bfc062723c751e8b465ee728b)  -> (artifact id: 'e6aea3b972e9f4c90e136a0456cd1cb1') in 0.186603 seconds 
========================================================================
Received Import Request.
  Time since last request: 0.000055 seconds.
  path: Assets/MaximeBrunoni/BridgesPack/Art/Materials/TreeTrunk.mat
  artifactKey: Guid(4ba7101b7a6bbc94c814c8016f24bdff) Importer(815301076,1909f56bfc062723c751e8b465ee728b)
Start importing Assets/MaximeBrunoni/BridgesPack/Art/Materials/TreeTrunk.mat using Guid(4ba7101b7a6bbc94c814c8016f24bdff) Importer(815301076,1909f56bfc062723c751e8b465ee728b)  -> (artifact id: '67c66f78ba2834ea69c63b38697021fd') in 0.086391 seconds 
========================================================================
Received Import Request.
  Time since last request: 0.000045 seconds.
  path: Assets/MaximeBrunoni/BridgesPack/Art/Materials/Transp.mat
  artifactKey: Guid(8f04f002838fb8444ac4c288658cb23f) Importer(815301076,1909f56bfc062723c751e8b465ee728b)
Start importing Assets/MaximeBrunoni/BridgesPack/Art/Materials/Transp.mat using Guid(8f04f002838fb8444ac4c288658cb23f) Importer(815301076,1909f56bfc062723c751e8b465ee728b)  -> (artifact id: '7f9bb3423ae8858ba073b702f531fac9') in 0.026656 seconds 
========================================================================
Received Import Request.
  Time since last request: 0.000038 seconds.
  path: Assets/MaximeBrunoni/BridgesPack/Art/Materials/BridgeRockBroken.mat
  artifactKey: Guid(60ef82ee2b18aca479d30923d2b4cd51) Importer(815301076,1909f56bfc062723c751e8b465ee728b)
Start importing Assets/MaximeBrunoni/BridgesPack/Art/Materials/BridgeRockBroken.mat using Guid(60ef82ee2b18aca479d30923d2b4cd51) Importer(815301076,1909f56bfc062723c751e8b465ee728b)  -> (artifact id: 'f65ffeb2794e8f9689509bfd1a4c27fa') in 0.080914 seconds 
========================================================================
Received Import Request.
  Time since last request: 0.000027 seconds.
  path: Assets/MaximeBrunoni/BridgesPack/Art/Materials/Water.mat
  artifactKey: Guid(048317bd250a65f4caac751eff15ba87) Importer(815301076,1909f56bfc062723c751e8b465ee728b)
Start importing Assets/MaximeBrunoni/BridgesPack/Art/Materials/Water.mat using Guid(048317bd250a65f4caac751eff15ba87) Importer(815301076,1909f56bfc062723c751e8b465ee728b)  -> (artifact id: 'de03b3bb5bf6e632b9b2309c75a1be9d') in 0.021941 seconds 
Editor requested this worker to shutdown with reason: Scaling down because of idle timeout
AssetImportWorker is now disconnected from the server
Process exiting
Exiting without the bug reporter. Application will terminate with return code 0