Using pre-set license
Built from '2021.3/china_unity/release' branch; Version is '2021.3.18f1c1 (93698379025b) revision 9660803'; Using compiler version '192829333'; Build Type 'Release'
OS: 'Windows 11  (10.0.26100) 64bit CoreCountrySpecific' Language: 'zh' Physical Memory: 15587 MB
BatchMode: 1, IsHumanControllingUs: 0, StartBugReporterOnCrash: 0, Is64bit: 1, IsPro: 1

COMMAND LINE ARGUMENTS:
C:\Program Files\Unity\Hub\Editor\2021.3.18f1c1\Editor\Unity.exe
-adb2
-batchMode
-noUpm
-name
AssetImportWorker5
-projectPath
D:/Assessment3/Assessment3
-logFile
Logs/AssetImportWorker5.log
-srvPort
54948
Successfully changed project path to: D:/Assessment3/Assessment3
D:/Assessment3/Assessment3
[UnityMemory] Configuration Parameters - Can be set up in boot.config
    "memorysetup-bucket-allocator-granularity=16"
    "memorysetup-bucket-allocator-bucket-count=8"
    "memorysetup-bucket-allocator-block-size=33554432"
    "memorysetup-bucket-allocator-block-count=8"
    "memorysetup-main-allocator-block-size=16777216"
    "memorysetup-thread-allocator-block-size=16777216"
    "memorysetup-gfx-main-allocator-block-size=16777216"
    "memorysetup-gfx-thread-allocator-block-size=16777216"
    "memorysetup-cache-allocator-block-size=4194304"
    "memorysetup-typetree-allocator-block-size=2097152"
    "memorysetup-profiler-bucket-allocator-granularity=16"
    "memorysetup-profiler-bucket-allocator-bucket-count=8"
    "memorysetup-profiler-bucket-allocator-block-size=33554432"
    "memorysetup-profiler-bucket-allocator-block-count=8"
    "memorysetup-profiler-allocator-block-size=16777216"
    "memorysetup-profiler-editor-allocator-block-size=1048576"
    "memorysetup-temp-allocator-size-main=16777216"
    "memorysetup-job-temp-allocator-block-size=2097152"
    "memorysetup-job-temp-allocator-block-size-background=1048576"
    "memorysetup-job-temp-allocator-reduction-small-platforms=262144"
    "memorysetup-temp-allocator-size-background-worker=32768"
    "memorysetup-temp-allocator-size-job-worker=262144"
    "memorysetup-temp-allocator-size-preload-manager=33554432"
    "memorysetup-temp-allocator-size-nav-mesh-worker=65536"
    "memorysetup-temp-allocator-size-audio-worker=65536"
    "memorysetup-temp-allocator-size-cloud-worker=32768"
    "memorysetup-temp-allocator-size-gi-baking-worker=262144"
    "memorysetup-temp-allocator-size-gfx=262144"
Player connection [3140] Host "[IP] 192.168.0.105 [Port] 0 [Flags] 2 [Guid] 456518285 [EditorId] 456518285 [Version] 1048832 [Id] WindowsEditor(7,ÕÅ¾þÒÙ) [Debug] 1 [PackageName] WindowsEditor [ProjectName] Editor" joined multi-casting on [225.0.0.222:54997]...

Player connection [3140] Host "[IP] 192.168.0.105 [Port] 0 [Flags] 2 [Guid] 456518285 [EditorId] 456518285 [Version] 1048832 [Id] WindowsEditor(7,ÕÅ¾þÒÙ) [Debug] 1 [PackageName] WindowsEditor [ProjectName] Editor" joined alternative multi-casting on [225.0.0.222:34997]...

AS: AutoStreaming module initializing.
Refreshing native plugins compatible for Editor in 84.09 ms, found 3 plugins.
Preloading 0 native plugins for Editor in 0.00 ms.
Initialize engine version: 2021.3.18f1c1 (93698379025b)
[Subsystems] Discovering subsystems at path C:/Program Files/Unity/Hub/Editor/2021.3.18f1c1/Editor/Data/Resources/UnitySubsystems
[Subsystems] Discovering subsystems at path D:/Assessment3/Assessment3/Assets
GfxDevice: creating device client; threaded=0; jobified=0
Direct3D:
    Version:  Direct3D 11.0 [level 11.1]
    Renderer: NVIDIA GeForce RTX 4060 Laptop GPU (ID=0x28e0)
    Vendor:   NVIDIA
    VRAM:     7957 MB
    Driver:   32.0.15.5597
Initialize mono
Mono path[0] = 'C:/Program Files/Unity/Hub/Editor/2021.3.18f1c1/Editor/Data/Managed'
Mono path[1] = 'C:/Program Files/Unity/Hub/Editor/2021.3.18f1c1/Editor/Data/MonoBleedingEdge/lib/mono/unityjit-win32'
Mono config path = 'C:/Program Files/Unity/Hub/Editor/2021.3.18f1c1/Editor/Data/MonoBleedingEdge/etc'
Using monoOptions --debugger-agent=transport=dt_socket,embedding=1,server=y,suspend=n,address=127.0.0.1:56252
Begin MonoManager ReloadAssembly
Registering precompiled unity dll's ...
Register platform support module: C:/Program Files/Unity/Hub/Editor/2021.3.18f1c1/Editor/Data/PlaybackEngines/WebGLSupport/UnityEditor.WebGL.Extensions.dll
Register platform support module: C:/Program Files/Unity/Hub/Editor/2021.3.18f1c1/Editor/Data/PlaybackEngines/WindowsStandaloneSupport/UnityEditor.WindowsStandalone.Extensions.dll
Registered in 0.009764 seconds.
Native extension for WindowsStandalone target not found
Native extension for WebGL target not found
Refreshing native plugins compatible for Editor in 82.55 ms, found 3 plugins.
Preloading 0 native plugins for Editor in 0.00 ms.
Mono: successfully reloaded assembly
- Completed reload, in  0.623 seconds
Domain Reload Profiling:
	ReloadAssembly (623ms)
		BeginReloadAssembly (89ms)
			ExecutionOrderSort (0ms)
			DisableScriptedObjects (0ms)
			BackupInstance (0ms)
			ReleaseScriptingObjects (0ms)
			CreateAndSetChildDomain (1ms)
		EndReloadAssembly (408ms)
			LoadAssemblies (83ms)
			RebuildTransferFunctionScriptingTraits (0ms)
			SetupTypeCache (90ms)
			ReleaseScriptCaches (0ms)
			RebuildScriptCaches (23ms)
			SetupLoadedEditorAssemblies (237ms)
				LogAssemblyErrors (0ms)
				InitializePlatformSupportModulesInManaged (10ms)
				SetLoadedEditorAssemblies (0ms)
				RefreshPlugins (83ms)
				BeforeProcessingInitializeOnLoad (1ms)
				ProcessInitializeOnLoadAttributes (101ms)
				ProcessInitializeOnLoadMethodAttributes (43ms)
				AfterProcessingInitializeOnLoad (0ms)
				EditorAssembliesLoaded (0ms)
			ExecutionOrderSort2 (0ms)
			AwakeInstancesAfterBackupRestoration (0ms)
Platform modules already initialized, skipping
Registering precompiled user dll's ...
Registered in 0.012472 seconds.
Begin MonoManager ReloadAssembly
Symbol file LoadedFromMemory doesn't match image D:\Assessment3\Assessment3\Library\PackageCache\com.unity.visualscripting@1.8.0\Editor\VisualScripting.Core\Dependencies\YamlDotNet\Unity.VisualScripting.YamlDotNet.dll
Symbol file LoadedFromMemory doesn't match image D:\Assessment3\Assessment3\Library\PackageCache\com.unity.visualscripting@1.8.0\Editor\VisualScripting.Core\Dependencies\DotNetZip\Unity.VisualScripting.IonicZip.dll
Native extension for WindowsStandalone target not found
Native extension for WebGL target not found
Refreshing native plugins compatible for Editor in 0.89 ms, found 3 plugins.
Preloading 0 native plugins for Editor in 0.00 ms.
Mono: successfully reloaded assembly
- Completed reload, in  1.006 seconds
Domain Reload Profiling:
	ReloadAssembly (1007ms)
		BeginReloadAssembly (119ms)
			ExecutionOrderSort (0ms)
			DisableScriptedObjects (4ms)
			BackupInstance (0ms)
			ReleaseScriptingObjects (0ms)
			CreateAndSetChildDomain (20ms)
		EndReloadAssembly (753ms)
			LoadAssemblies (89ms)
			RebuildTransferFunctionScriptingTraits (0ms)
			SetupTypeCache (238ms)
			ReleaseScriptCaches (0ms)
			RebuildScriptCaches (49ms)
			SetupLoadedEditorAssemblies (345ms)
				LogAssemblyErrors (0ms)
				InitializePlatformSupportModulesInManaged (7ms)
				SetLoadedEditorAssemblies (0ms)
				RefreshPlugins (1ms)
				BeforeProcessingInitializeOnLoad (99ms)
				ProcessInitializeOnLoadAttributes (199ms)
				ProcessInitializeOnLoadMethodAttributes (18ms)
				AfterProcessingInitializeOnLoad (20ms)
				EditorAssembliesLoaded (0ms)
			ExecutionOrderSort2 (0ms)
			AwakeInstancesAfterBackupRestoration (12ms)
Platform modules already initialized, skipping
========================================================================
Worker process is ready to serve import requests
Launched and connected shader compiler UnityShaderCompiler.exe after 0.10 seconds
Refreshing native plugins compatible for Editor in 0.60 ms, found 3 plugins.
Preloading 0 native plugins for Editor in 0.00 ms.
Unloading 3182 Unused Serialized files (Serialized files now loaded: 0)
Unloading 24 unused Assets / (445.9 KB). Loaded Objects now: 3663.
Memory consumption went from 146.1 MB to 145.7 MB.
Total: 3.216400 ms (FindLiveObjects: 0.286000 ms CreateObjectMapping: 0.136400 ms MarkObjects: 2.428700 ms  DeleteObjects: 0.363400 ms)

AssetImportParameters requested are different than current active one (requested -> active):
  custom:video-decoder-ogg-theora: a1e56fd34408186e4bbccfd4996cb3dc -> 
  custom:container-muxer-webm: aa71ff27fc2769a1b78a27578f13a17b -> 
  custom:container-demuxer-webm: 4f35f7cbe854078d1ac9338744f61a02 -> 
  custom:video-encoder-webm-vp8: eb34c28f22e8b96e1ab97ce403110664 -> 
  custom:video-codec-MediaFoundation-h265: 746d11721c4dcdbdad8f713fa42b33f4 -> 
  custom:audio-encoder-webm-vorbis: bf7c407c2cedff20999df2af8eb42d56 -> 
  custom:framework-win-MediaFoundation: 216162199b28c13a410421893ffa2e32 -> 
  custom:container-demuxer-ogg: 62fdf1f143b41e24485cea50d1cbac27 -> 
  custom:video-decoder-webm-vp8: 9c59270c3fd7afecdb556c50c9e8de78 -> 
  custom:audio-decoder-ogg-vorbis: bf7c407c2cedff20999df2af8eb42d56 -> 
========================================================================
Received Import Request.
  Time since last request: 73602.992163 seconds.
  path: Assets/City2/Models/Building Sky_small_color01.fbx
  artifactKey: Guid(47a83e21f77098142be8ace3346172ed) Importer(815301076,1909f56bfc062723c751e8b465ee728b)
Start importing Assets/City2/Models/Building Sky_small_color01.fbx using Guid(47a83e21f77098142be8ace3346172ed) Importer(815301076,1909f56bfc062723c751e8b465ee728b)  -> (artifact id: 'b7006b5e93467fc878c35ce28bb30ee6') in 0.183857 seconds 
========================================================================
Received Import Request.
  Time since last request: 0.000046 seconds.
  path: Assets/City2/Models/Natures_House Floor.fbx
  artifactKey: Guid(c7327ddbb4f55824eb37461c53fdd55d) Importer(815301076,1909f56bfc062723c751e8b465ee728b)
Start importing Assets/City2/Models/Natures_House Floor.fbx using Guid(c7327ddbb4f55824eb37461c53fdd55d) Importer(815301076,1909f56bfc062723c751e8b465ee728b)  -> (artifact id: '8cd1b65aa4eb4504e81f8976187a4ba4') in 0.013717 seconds 
========================================================================
Received Import Request.
  Time since last request: 0.000049 seconds.
  path: Assets/City2/Models/Building_Auto Service.fbx
  artifactKey: Guid(c886fb979d2b589419f4cd3003261086) Importer(815301076,1909f56bfc062723c751e8b465ee728b)
Start importing Assets/City2/Models/Building_Auto Service.fbx using Guid(c886fb979d2b589419f4cd3003261086) Importer(815301076,1909f56bfc062723c751e8b465ee728b)  -> (artifact id: 'e5a90f0c3f8b3483c27d11490d14b8a9') in 0.014560 seconds 
========================================================================
Received Import Request.
  Time since last request: 0.000023 seconds.
  path: Assets/City2/Models/Natures_Big Tree.fbx
  artifactKey: Guid(b8b93a0c79396d54ea72d1eecb7bf246) Importer(815301076,1909f56bfc062723c751e8b465ee728b)
Start importing Assets/City2/Models/Natures_Big Tree.fbx using Guid(b8b93a0c79396d54ea72d1eecb7bf246) Importer(815301076,1909f56bfc062723c751e8b465ee728b)  -> (artifact id: 'e8ad3f51e16dec96a401bf3a0f07018a') in 0.015746 seconds 
========================================================================
Received Import Request.
  Time since last request: 0.000024 seconds.
  path: Assets/City2/Models/Natures_Bush_03.fbx
  artifactKey: Guid(878eb4575d3db2143bff9ebf5c266974) Importer(815301076,1909f56bfc062723c751e8b465ee728b)
Start importing Assets/City2/Models/Natures_Bush_03.fbx using Guid(878eb4575d3db2143bff9ebf5c266974) Importer(815301076,1909f56bfc062723c751e8b465ee728b)  -> (artifact id: '26f1af5ab442f215c3f997888d0b1368') in 0.014788 seconds 
========================================================================
Received Import Request.
  Time since last request: 0.000027 seconds.
  path: Assets/City2/Models/Building_Clothing.fbx
  artifactKey: Guid(6f6936b8f5098f34ab9d2dbe641716f2) Importer(815301076,1909f56bfc062723c751e8b465ee728b)
Start importing Assets/City2/Models/Building_Clothing.fbx using Guid(6f6936b8f5098f34ab9d2dbe641716f2) Importer(815301076,1909f56bfc062723c751e8b465ee728b)  -> (artifact id: 'd12024bfff2926e300130566ebc4de78') in 0.014529 seconds 
========================================================================
Received Import Request.
  Time since last request: 0.000029 seconds.
  path: Assets/City2/Models/Building_Super Market.fbx
  artifactKey: Guid(fad753de86ef7464790653995e61e7c4) Importer(815301076,1909f56bfc062723c751e8b465ee728b)
Start importing Assets/City2/Models/Building_Super Market.fbx using Guid(fad753de86ef7464790653995e61e7c4) Importer(815301076,1909f56bfc062723c751e8b465ee728b)  -> (artifact id: 'd71990d0c6a463046432e59ccd3f29a4') in 0.013514 seconds 
========================================================================
Received Import Request.
  Time since last request: 0.000027 seconds.
  path: Assets/City2/Models/Building_Stadium.fbx
  artifactKey: Guid(8d799610519b6274c8bb35a7fd95f5f5) Importer(815301076,1909f56bfc062723c751e8b465ee728b)
Start importing Assets/City2/Models/Building_Stadium.fbx using Guid(8d799610519b6274c8bb35a7fd95f5f5) Importer(815301076,1909f56bfc062723c751e8b465ee728b)  -> (artifact id: '1e6c3f447a68a53320d3e7e87c4a33dc') in 0.014226 seconds 
========================================================================
Received Import Request.
  Time since last request: 0.000027 seconds.
  path: Assets/City2/Models/Natures_Bush_01.fbx
  artifactKey: Guid(736724502c2975348b2f19e5e99e1ec5) Importer(815301076,1909f56bfc062723c751e8b465ee728b)
Start importing Assets/City2/Models/Natures_Bush_01.fbx using Guid(736724502c2975348b2f19e5e99e1ec5) Importer(815301076,1909f56bfc062723c751e8b465ee728b)  -> (artifact id: '842d0ed7dfbca39722a4040b61ba68b6') in 0.015058 seconds 
========================================================================
Received Import Request.
  Time since last request: 0.000028 seconds.
  path: Assets/City2/Models/Building_Books Shop.fbx
  artifactKey: Guid(2c2dcc3c02224de46b4813f3110dca1f) Importer(815301076,1909f56bfc062723c751e8b465ee728b)
Start importing Assets/City2/Models/Building_Books Shop.fbx using Guid(2c2dcc3c02224de46b4813f3110dca1f) Importer(815301076,1909f56bfc062723c751e8b465ee728b)  -> (artifact id: '014a91193219ad6fef6cea24e8f72859') in 0.015346 seconds 
========================================================================
Received Import Request.
  Time since last request: 0.000028 seconds.
  path: Assets/City2/Models/Building_Coffee Shop.fbx
  artifactKey: Guid(a120bc9095fe23d458dc299a94dc00a8) Importer(815301076,1909f56bfc062723c751e8b465ee728b)
Start importing Assets/City2/Models/Building_Coffee Shop.fbx using Guid(a120bc9095fe23d458dc299a94dc00a8) Importer(815301076,1909f56bfc062723c751e8b465ee728b)  -> (artifact id: 'eba85465fdb9e0aa38bd77c26d123f11') in 0.015902 seconds 
========================================================================
Received Import Request.
  Time since last request: 0.000026 seconds.
  path: Assets/City2/Models/Building_House_02_color01.fbx
  artifactKey: Guid(8cb6d953267a0884288df6a274f09c40) Importer(815301076,1909f56bfc062723c751e8b465ee728b)
Start importing Assets/City2/Models/Building_House_02_color01.fbx using Guid(8cb6d953267a0884288df6a274f09c40) Importer(815301076,1909f56bfc062723c751e8b465ee728b)  -> (artifact id: 'fa9ffbf573efd2eab0e0696b039be61f') in 0.017540 seconds 
========================================================================
Received Import Request.
  Time since last request: 0.000022 seconds.
  path: Assets/City2/Models/Props_BillBoard_medium.fbx
  artifactKey: Guid(9cd32fb6a80b79741880fce089ce77f6) Importer(815301076,1909f56bfc062723c751e8b465ee728b)
Start importing Assets/City2/Models/Props_BillBoard_medium.fbx using Guid(9cd32fb6a80b79741880fce089ce77f6) Importer(815301076,1909f56bfc062723c751e8b465ee728b)  -> (artifact id: 'a1e499eebf56ade41ae0ce701e68993e') in 0.013719 seconds 
========================================================================
Received Import Request.
  Time since last request: 0.000039 seconds.
  path: Assets/City2/Models/Building_Pizza.fbx
  artifactKey: Guid(d015ce89362e9504890f33e36733d925) Importer(815301076,1909f56bfc062723c751e8b465ee728b)
Start importing Assets/City2/Models/Building_Pizza.fbx using Guid(d015ce89362e9504890f33e36733d925) Importer(815301076,1909f56bfc062723c751e8b465ee728b)  -> (artifact id: '5f7a7bb8bf67adcff905a102d45dd186') in 0.013639 seconds 
========================================================================
Received Import Request.
  Time since last request: 0.000032 seconds.
  path: Assets/City2/Models/Building_Fast Food.fbx
  artifactKey: Guid(4ddf9dbec6534a14a9612193ee06f4d2) Importer(815301076,1909f56bfc062723c751e8b465ee728b)
Start importing Assets/City2/Models/Building_Fast Food.fbx using Guid(4ddf9dbec6534a14a9612193ee06f4d2) Importer(815301076,1909f56bfc062723c751e8b465ee728b)  -> (artifact id: 'f6cd3400688acd6d678a79e40e999ac3') in 0.013768 seconds 
========================================================================
Received Import Request.
  Time since last request: 0.000018 seconds.
  path: Assets/City2/Models/Props_Roof Helipad.fbx
  artifactKey: Guid(b602d657274d2c24b88fe0f3fa83287b) Importer(815301076,1909f56bfc062723c751e8b465ee728b)
Start importing Assets/City2/Models/Props_Roof Helipad.fbx using Guid(b602d657274d2c24b88fe0f3fa83287b) Importer(815301076,1909f56bfc062723c751e8b465ee728b)  -> (artifact id: '8d7bce645999b6bb07d84a4f54fe1917') in 0.014356 seconds 
========================================================================
Received Import Request.
  Time since last request: 0.000024 seconds.
  path: Assets/City2/Models/Props_Dustbin.fbx
  artifactKey: Guid(8b615931481e47849972f85e029c22cf) Importer(815301076,1909f56bfc062723c751e8b465ee728b)
Start importing Assets/City2/Models/Props_Dustbin.fbx using Guid(8b615931481e47849972f85e029c22cf) Importer(815301076,1909f56bfc062723c751e8b465ee728b)  -> (artifact id: '9cb0d9b1440469cf27df0a44d3a56daf') in 0.014894 seconds 
========================================================================
Received Import Request.
  Time since last request: 0.000028 seconds.
  path: Assets/City2/Models/Props_Hydrant.fbx
  artifactKey: Guid(aa7a6aea7692eb346af29dcc7e73ee95) Importer(815301076,1909f56bfc062723c751e8b465ee728b)
Start importing Assets/City2/Models/Props_Hydrant.fbx using Guid(aa7a6aea7692eb346af29dcc7e73ee95) Importer(815301076,1909f56bfc062723c751e8b465ee728b)  -> (artifact id: '9c87bc9c59b68af93067bdb7c185a683') in 0.013831 seconds 
========================================================================
Received Import Request.
  Time since last request: 0.000027 seconds.
  path: Assets/City2/Models/Building_Restaurant.fbx
  artifactKey: Guid(efc62b24c745a1f469c0d1453dfb41e3) Importer(815301076,1909f56bfc062723c751e8b465ee728b)
Start importing Assets/City2/Models/Building_Restaurant.fbx using Guid(efc62b24c745a1f469c0d1453dfb41e3) Importer(815301076,1909f56bfc062723c751e8b465ee728b)  -> (artifact id: 'c6064bcf051b4d4a6f8983aa430e170d') in 0.013259 seconds 
========================================================================
Received Import Request.
  Time since last request: 0.000020 seconds.
  path: Assets/City2/Models/Natures_Pot Bush_big.fbx
  artifactKey: Guid(47c1421697edd00439084088bf4efb68) Importer(815301076,1909f56bfc062723c751e8b465ee728b)
Start importing Assets/City2/Models/Natures_Pot Bush_big.fbx using Guid(47c1421697edd00439084088bf4efb68) Importer(815301076,1909f56bfc062723c751e8b465ee728b)  -> (artifact id: '6bb270a7d3070a48bc947cc08d260492') in 0.014749 seconds 
========================================================================
Received Import Request.
  Time since last request: 0.000021 seconds.
  path: Assets/City2/Models/Props_BillBoard_small.fbx
  artifactKey: Guid(98b9127e094001849abe00d6ae4f1c85) Importer(815301076,1909f56bfc062723c751e8b465ee728b)
Start importing Assets/City2/Models/Props_BillBoard_small.fbx using Guid(98b9127e094001849abe00d6ae4f1c85) Importer(815301076,1909f56bfc062723c751e8b465ee728b)  -> (artifact id: '9ca383005f8ba0de6b9c5d63c146f4ec') in 0.012878 seconds 
========================================================================
Received Import Request.
  Time since last request: 0.000026 seconds.
  path: Assets/City2/Models/Building_Shoes Shop.fbx
  artifactKey: Guid(27c09c8008c0ada409e024a1dc2186c0) Importer(815301076,1909f56bfc062723c751e8b465ee728b)
Start importing Assets/City2/Models/Building_Shoes Shop.fbx using Guid(27c09c8008c0ada409e024a1dc2186c0) Importer(815301076,1909f56bfc062723c751e8b465ee728b)  -> (artifact id: '6fb4979e5b3d984ff7eb6cbde2e72c06') in 0.014398 seconds 
========================================================================
Received Import Request.
  Time since last request: 0.000021 seconds.
  path: Assets/City2/Models/Props_BillBoard_large.fbx
  artifactKey: Guid(3b11d86015e5ec34498b9a3d432bd029) Importer(815301076,1909f56bfc062723c751e8b465ee728b)
Start importing Assets/City2/Models/Props_BillBoard_large.fbx using Guid(3b11d86015e5ec34498b9a3d432bd029) Importer(815301076,1909f56bfc062723c751e8b465ee728b)  -> (artifact id: '87d93ec500c3ecf0de7b7fa5a21ca0e0') in 0.014350 seconds 
========================================================================
Received Import Request.
  Time since last request: 0.000026 seconds.
  path: Assets/City2/Models/Natures_Cube Tree.fbx
  artifactKey: Guid(01f6af96e305cdf409f4be242c9178e7) Importer(815301076,1909f56bfc062723c751e8b465ee728b)
Start importing Assets/City2/Models/Natures_Cube Tree.fbx using Guid(01f6af96e305cdf409f4be242c9178e7) Importer(815301076,1909f56bfc062723c751e8b465ee728b)  -> (artifact id: 'df98257f1fe87cf9032779e2c8def2e9') in 0.016161 seconds 
========================================================================
Received Import Request.
  Time since last request: 50.235450 seconds.
  path: Assets/City3/Prefabs/Demo_Block.prefab
  artifactKey: Guid(797a2dbaceea962469b9774c7ed4d4af) Importer(815301076,1909f56bfc062723c751e8b465ee728b)
Start importing Assets/City3/Prefabs/Demo_Block.prefab using Guid(797a2dbaceea962469b9774c7ed4d4af) Importer(815301076,1909f56bfc062723c751e8b465ee728b)  -> (artifact id: '912cc66d59358a6931c72a7bea701246') in 0.028091 seconds 
========================================================================
Received Import Request.
  Time since last request: 22.497592 seconds.
  path: Assets/P2Animals/Animals_FREE/Meshes/Dog_001.fbx
  artifactKey: Guid(0c0f883d7bc25dd4d84c3c7795a4a332) Importer(815301076,1909f56bfc062723c751e8b465ee728b)
Start importing Assets/P2Animals/Animals_FREE/Meshes/Dog_001.fbx using Guid(0c0f883d7bc25dd4d84c3c7795a4a332) Importer(815301076,1909f56bfc062723c751e8b465ee728b)  -> (artifact id: 'bd796e1d598e9827fbd9a2800f462f00') in 0.078599 seconds 
========================================================================
Received Import Request.
  Time since last request: 0.000024 seconds.
  path: Assets/P2Animals/Animals_FREE/Meshes/Pinguin_001.fbx
  artifactKey: Guid(a2ef474392ac74f409c70c61ccb6c24a) Importer(815301076,1909f56bfc062723c751e8b465ee728b)
Start importing Assets/P2Animals/Animals_FREE/Meshes/Pinguin_001.fbx using Guid(a2ef474392ac74f409c70c61ccb6c24a) Importer(815301076,1909f56bfc062723c751e8b465ee728b)  -> (artifact id: 'f400ecaede8d707b2d68d407d52aac7e') in 0.027504 seconds 
========================================================================
Received Import Request.
  Time since last request: 0.661687 seconds.
  path: Assets/P2Animals/Animals_FREE/Prefabs/Dog_001.prefab
  artifactKey: Guid(15ca4494f24bf9741a48b37ec2c4c632) Importer(815301076,1909f56bfc062723c751e8b465ee728b)
Start importing Assets/P2Animals/Animals_FREE/Prefabs/Dog_001.prefab using Guid(15ca4494f24bf9741a48b37ec2c4c632) Importer(815301076,1909f56bfc062723c751e8b465ee728b)  -> (artifact id: '516eaab60efc3e50c2e189cca8eb1d8f') in 0.050684 seconds 
========================================================================
Received Import Request.
  Time since last request: 0.000021 seconds.
  path: Assets/P2Animals/Animals_FREE/Prefabs/Tiger_001.prefab
  artifactKey: Guid(8741cd6c8b9fc3947999191d0c381f50) Importer(815301076,1909f56bfc062723c751e8b465ee728b)
Start importing Assets/P2Animals/Animals_FREE/Prefabs/Tiger_001.prefab using Guid(8741cd6c8b9fc3947999191d0c381f50) Importer(815301076,1909f56bfc062723c751e8b465ee728b)  -> (artifact id: '4fa5c83129274983b16cdd1ea2eb2760') in 0.019195 seconds 
========================================================================
Received Import Request.
  Time since last request: 18.555473 seconds.
  path: Assets/City2/Materials/Vehicle_Car_color03.mat
  artifactKey: Guid(37608e6988151a248951cdd1a93a59c5) Importer(815301076,1909f56bfc062723c751e8b465ee728b)
Start importing Assets/City2/Materials/Vehicle_Car_color03.mat using Guid(37608e6988151a248951cdd1a93a59c5) Importer(815301076,1909f56bfc062723c751e8b465ee728b)  -> (artifact id: 'f820db50a7ee5b8daca076812c9f5605') in 0.096509 seconds 
========================================================================
Received Import Request.
  Time since last request: 0.000058 seconds.
  path: Assets/City2/Materials/Vehicle_Pick up Truck_color03.mat
  artifactKey: Guid(f3d0a94161d16b9449517d5d8f357098) Importer(815301076,1909f56bfc062723c751e8b465ee728b)
Start importing Assets/City2/Materials/Vehicle_Pick up Truck_color03.mat using Guid(f3d0a94161d16b9449517d5d8f357098) Importer(815301076,1909f56bfc062723c751e8b465ee728b)  -> (artifact id: 'fb913494a4a3a7f1900432ff06c05eee') in 0.014864 seconds 
========================================================================
Received Import Request.
  Time since last request: 0.999970 seconds.
  path: Assets/City2/Materials/Vehicle_Truck_color02.mat
  artifactKey: Guid(aa873d2eb05f7a249b6c4af961517216) Importer(815301076,1909f56bfc062723c751e8b465ee728b)
Start importing Assets/City2/Materials/Vehicle_Truck_color02.mat using Guid(aa873d2eb05f7a249b6c4af961517216) Importer(815301076,1909f56bfc062723c751e8b465ee728b)  -> (artifact id: 'b77b84fa190028d18dd611a6a762ab85') in 0.017170 seconds 
========================================================================
Received Import Request.
  Time since last request: 103.596002 seconds.
  path: Assets/City2/Textures/Vehicle_Car_1.png
  artifactKey: Guid(f9deccdd55075124dbb0e6b5f710e0bb) Importer(815301076,1909f56bfc062723c751e8b465ee728b)
Start importing Assets/City2/Textures/Vehicle_Car_1.png using Guid(f9deccdd55075124dbb0e6b5f710e0bb) Importer(815301076,1909f56bfc062723c751e8b465ee728b)  -> (artifact id: 'd6ae1a84fdbe9fd93b20913870e85fd3') in 0.024574 seconds 
========================================================================
Received Import Request.
  Time since last request: 0.002495 seconds.
  path: Assets/City2/Textures/Vehicle_Container_1.png
  artifactKey: Guid(65b68621c76dea14ca7efad04a2716f5) Importer(815301076,1909f56bfc062723c751e8b465ee728b)
Start importing Assets/City2/Textures/Vehicle_Container_1.png using Guid(65b68621c76dea14ca7efad04a2716f5) Importer(815301076,1909f56bfc062723c751e8b465ee728b)  -> (artifact id: 'd8630aafc8cb07865401d43ef9ea447a') in 0.012718 seconds 
========================================================================
Received Import Request.
  Time since last request: 0.011679 seconds.
  path: Assets/City2/Textures/Vehicle_Container_3.png
  artifactKey: Guid(8eac3f6a5408bf54683eca8076ada1d7) Importer(815301076,1909f56bfc062723c751e8b465ee728b)
Start importing Assets/City2/Textures/Vehicle_Container_3.png using Guid(8eac3f6a5408bf54683eca8076ada1d7) Importer(815301076,1909f56bfc062723c751e8b465ee728b)  -> (artifact id: 'c1b95794d6c65ea9d7dd5cb8486e1410') in 0.009161 seconds 
========================================================================
Received Import Request.
  Time since last request: 0.000025 seconds.
  path: Assets/City2/Textures/Vehicle_SUV_1.png
  artifactKey: Guid(5bf54643535d07b49b66329a38d342f3) Importer(815301076,1909f56bfc062723c751e8b465ee728b)
Start importing Assets/City2/Textures/Vehicle_SUV_1.png using Guid(5bf54643535d07b49b66329a38d342f3) Importer(815301076,1909f56bfc062723c751e8b465ee728b)  -> (artifact id: '51070f5ac68296dacdbcf5bba6b8308d') in 0.009777 seconds 
========================================================================
Received Import Request.
  Time since last request: 0.000039 seconds.
  path: Assets/City2/Textures/Vehicle_SUV_2.png
  artifactKey: Guid(c1310564a8560dc47a4aa00e7324ae1d) Importer(815301076,1909f56bfc062723c751e8b465ee728b)
Start importing Assets/City2/Textures/Vehicle_SUV_2.png using Guid(c1310564a8560dc47a4aa00e7324ae1d) Importer(815301076,1909f56bfc062723c751e8b465ee728b)  -> (artifact id: 'e31fd8b5fe8514b36b7de0e053fd3cb5') in 0.010373 seconds 
========================================================================
Received Import Request.
  Time since last request: 0.000028 seconds.
  path: Assets/City2/Textures/Vehicle_SUV_3.png
  artifactKey: Guid(c7411d1e8e5de194b87905fdd4856618) Importer(815301076,1909f56bfc062723c751e8b465ee728b)
Start importing Assets/City2/Textures/Vehicle_SUV_3.png using Guid(c7411d1e8e5de194b87905fdd4856618) Importer(815301076,1909f56bfc062723c751e8b465ee728b)  -> (artifact id: '92634d48b3178fdfc5fe55a714e89f6f') in 0.008610 seconds 
========================================================================
Received Import Request.
  Time since last request: 0.000030 seconds.
  path: Assets/City2/Textures/Vehicle_Taxi.png
  artifactKey: Guid(d9fe8b9f6a8a040408a6a74b3714c665) Importer(815301076,1909f56bfc062723c751e8b465ee728b)
Start importing Assets/City2/Textures/Vehicle_Taxi.png using Guid(d9fe8b9f6a8a040408a6a74b3714c665) Importer(815301076,1909f56bfc062723c751e8b465ee728b)  -> (artifact id: '0db17e5beef6500becc714ae07c1e9f8') in 0.014530 seconds 
========================================================================
Received Import Request.
  Time since last request: 0.000029 seconds.
  path: Assets/City2/Textures/Vehicle_Truck_3.png
  artifactKey: Guid(2eda3c100b5440441a8ce0e35c3fa3fa) Importer(815301076,1909f56bfc062723c751e8b465ee728b)
Start importing Assets/City2/Textures/Vehicle_Truck_3.png using Guid(2eda3c100b5440441a8ce0e35c3fa3fa) Importer(815301076,1909f56bfc062723c751e8b465ee728b)  -> (artifact id: '02a9402539c55ccb91aa7a0cdcdf85fe') in 0.009091 seconds 
========================================================================
Received Import Request.
  Time since last request: 0.000035 seconds.
  path: Assets/City2/Textures/Vehicle_Truck_1.png
  artifactKey: Guid(e595569ca689c8c4ead585e8746e4fbb) Importer(815301076,1909f56bfc062723c751e8b465ee728b)
Start importing Assets/City2/Textures/Vehicle_Truck_1.png using Guid(e595569ca689c8c4ead585e8746e4fbb) Importer(815301076,1909f56bfc062723c751e8b465ee728b)  -> (artifact id: 'd687bb562685c67cdba68dafb8879927') in 0.008879 seconds 
========================================================================
Received Import Request.
  Time since last request: 31.686914 seconds.
  path: Assets/City3/Materials/M_City.mat
  artifactKey: Guid(372a0ee0586b691428d79f25b90f4296) Importer(815301076,1909f56bfc062723c751e8b465ee728b)
Start importing Assets/City3/Materials/M_City.mat using Guid(372a0ee0586b691428d79f25b90f4296) Importer(815301076,1909f56bfc062723c751e8b465ee728b)  -> (artifact id: 'deed4f244f86b2c272b1d61257c58476') in 0.009342 seconds 
========================================================================
Received Import Request.
  Time since last request: 1.540044 seconds.
  path: Assets/City3/Meshes/Demo_Asphalt.fbx
  artifactKey: Guid(bdd8b59fd28ade14d951aeeb4c9644d0) Importer(815301076,1909f56bfc062723c751e8b465ee728b)
Start importing Assets/City3/Meshes/Demo_Asphalt.fbx using Guid(bdd8b59fd28ade14d951aeeb4c9644d0) Importer(815301076,1909f56bfc062723c751e8b465ee728b)  -> (artifact id: '91aeb309e857b7aa58bb0ab5ce80aee8') in 0.027797 seconds 
========================================================================
Received Import Request.
  Time since last request: 42.179537 seconds.
  path: Assets/City1/Material & Texture/Night.mat
  artifactKey: Guid(2693a75b9cc71fb4bae0674a2e512e59) Importer(815301076,1909f56bfc062723c751e8b465ee728b)
Start importing Assets/City1/Material & Texture/Night.mat using Guid(2693a75b9cc71fb4bae0674a2e512e59) Importer(815301076,1909f56bfc062723c751e8b465ee728b)  -> (artifact id: 'dbb97484328b26f71831bf6696f8b360') in 0.096103 seconds 
========================================================================
Received Import Request.
  Time since last request: 2.153876 seconds.
  path: Assets/City1/Mesh/Big_trash_bin.fbx
  artifactKey: Guid(221422f7266ae3249b686bbfb5989c70) Importer(815301076,1909f56bfc062723c751e8b465ee728b)
Start importing Assets/City1/Mesh/Big_trash_bin.fbx using Guid(221422f7266ae3249b686bbfb5989c70) Importer(815301076,1909f56bfc062723c751e8b465ee728b)  -> (artifact id: '738f320ff6799896ce9b836184cdb9e5') in 0.035298 seconds 
========================================================================
Received Import Request.
  Time since last request: 0.000029 seconds.
  path: Assets/City1/Mesh/WalkWay 5.fbx
  artifactKey: Guid(391ef46e275c80b408f222be809688a5) Importer(815301076,1909f56bfc062723c751e8b465ee728b)
Start importing Assets/City1/Mesh/WalkWay 5.fbx using Guid(391ef46e275c80b408f222be809688a5) Importer(815301076,1909f56bfc062723c751e8b465ee728b)  -> (artifact id: 'cf2ecfb8b3f30ac7bb1cbeb934d649d4') in 0.018456 seconds 
========================================================================
Received Import Request.
  Time since last request: 0.000032 seconds.
  path: Assets/City1/Mesh/Building_I_2.fbx
  artifactKey: Guid(9f70c3b25552f8c4cbfc2dc5b60b2c0e) Importer(815301076,1909f56bfc062723c751e8b465ee728b)
Start importing Assets/City1/Mesh/Building_I_2.fbx using Guid(9f70c3b25552f8c4cbfc2dc5b60b2c0e) Importer(815301076,1909f56bfc062723c751e8b465ee728b)  -> (artifact id: 'ea1117253e7ef91e53ddae56a8ff1740') in 0.049318 seconds 
========================================================================
Received Import Request.
  Time since last request: 0.000034 seconds.
  path: Assets/City1/Mesh/Building_M.fbx
  artifactKey: Guid(33a58fa9897d81c4fa6655fc4a19a500) Importer(815301076,1909f56bfc062723c751e8b465ee728b)
Start importing Assets/City1/Mesh/Building_M.fbx using Guid(33a58fa9897d81c4fa6655fc4a19a500) Importer(815301076,1909f56bfc062723c751e8b465ee728b)  -> (artifact id: '8a19956ac01191a28b24d4de749835fe') in 0.022614 seconds 
========================================================================
Received Import Request.
  Time since last request: 7.235280 seconds.
  path: Assets/City1/Prefabs/Big_trash_bin prefab.prefab
  artifactKey: Guid(331560f2206dc024cb084301a19c05ad) Importer(815301076,1909f56bfc062723c751e8b465ee728b)
Start importing Assets/City1/Prefabs/Big_trash_bin prefab.prefab using Guid(331560f2206dc024cb084301a19c05ad) Importer(815301076,1909f56bfc062723c751e8b465ee728b)  -> (artifact id: '84245d21b53873359d9910d914c454b6') in 0.011364 seconds 
========================================================================
Received Import Request.
  Time since last request: 0.000023 seconds.
  path: Assets/City1/Prefabs/Building_I_2_Prefab.prefab
  artifactKey: Guid(1e198ff9400b5064c816d8f779eff296) Importer(815301076,1909f56bfc062723c751e8b465ee728b)
Start importing Assets/City1/Prefabs/Building_I_2_Prefab.prefab using Guid(1e198ff9400b5064c816d8f779eff296) Importer(815301076,1909f56bfc062723c751e8b465ee728b)  -> (artifact id: 'e6b6f752cc2345fc9baa8d1007b5edeb') in 0.022995 seconds 
========================================================================
Received Import Request.
  Time since last request: 0.000031 seconds.
  path: Assets/City1/Prefabs/Pot_tree prefab.prefab
  artifactKey: Guid(8e00364320862a746a6e67a5af5e5979) Importer(815301076,1909f56bfc062723c751e8b465ee728b)
Start importing Assets/City1/Prefabs/Pot_tree prefab.prefab using Guid(8e00364320862a746a6e67a5af5e5979) Importer(815301076,1909f56bfc062723c751e8b465ee728b)  -> (artifact id: '42c1313409e70d7a07f34576b44334ec') in 0.253799 seconds 
Editor requested this worker to shutdown with reason: Scaling down because of idle timeout
AssetImportWorker is now disconnected from the server
Process exiting
Exiting without the bug reporter. Application will terminate with return code 0