Using pre-set license
Built from '2021.3/china_unity/release' branch; Version is '2021.3.18f1c1 (93698379025b) revision 9660803'; Using compiler version '192829333'; Build Type 'Release'
OS: 'Windows 11  (10.0.26100) 64bit CoreCountrySpecific' Language: 'zh' Physical Memory: 15587 MB
BatchMode: 1, IsHumanControllingUs: 0, StartBugReporterOnCrash: 0, Is64bit: 1, IsPro: 1

COMMAND LINE ARGUMENTS:
C:\Program Files\Unity\Hub\Editor\2021.3.18f1c1\Editor\Unity.exe
-adb2
-batchMode
-noUpm
-name
AssetImportWorker9
-projectPath
D:/Assessment3/Assessment3
-logFile
Logs/AssetImportWorker9.log
-srvPort
54948
Successfully changed project path to: D:/Assessment3/Assessment3
D:/Assessment3/Assessment3
[UnityMemory] Configuration Parameters - Can be set up in boot.config
    "memorysetup-bucket-allocator-granularity=16"
    "memorysetup-bucket-allocator-bucket-count=8"
    "memorysetup-bucket-allocator-block-size=33554432"
    "memorysetup-bucket-allocator-block-count=8"
    "memorysetup-main-allocator-block-size=16777216"
    "memorysetup-thread-allocator-block-size=16777216"
    "memorysetup-gfx-main-allocator-block-size=16777216"
    "memorysetup-gfx-thread-allocator-block-size=16777216"
    "memorysetup-cache-allocator-block-size=4194304"
    "memorysetup-typetree-allocator-block-size=2097152"
    "memorysetup-profiler-bucket-allocator-granularity=16"
    "memorysetup-profiler-bucket-allocator-bucket-count=8"
    "memorysetup-profiler-bucket-allocator-block-size=33554432"
    "memorysetup-profiler-bucket-allocator-block-count=8"
    "memorysetup-profiler-allocator-block-size=16777216"
    "memorysetup-profiler-editor-allocator-block-size=1048576"
    "memorysetup-temp-allocator-size-main=16777216"
    "memorysetup-job-temp-allocator-block-size=2097152"
    "memorysetup-job-temp-allocator-block-size-background=1048576"
    "memorysetup-job-temp-allocator-reduction-small-platforms=262144"
    "memorysetup-temp-allocator-size-background-worker=32768"
    "memorysetup-temp-allocator-size-job-worker=262144"
    "memorysetup-temp-allocator-size-preload-manager=33554432"
    "memorysetup-temp-allocator-size-nav-mesh-worker=65536"
    "memorysetup-temp-allocator-size-audio-worker=65536"
    "memorysetup-temp-allocator-size-cloud-worker=32768"
    "memorysetup-temp-allocator-size-gi-baking-worker=262144"
    "memorysetup-temp-allocator-size-gfx=262144"
Player connection [30968] Host "[IP] 192.168.0.105 [Port] 0 [Flags] 2 [Guid] 350615579 [EditorId] 350615579 [Version] 1048832 [Id] WindowsEditor(7,ÕÅ¾þÒÙ) [Debug] 1 [PackageName] WindowsEditor [ProjectName] Editor" joined multi-casting on [225.0.0.222:54997]...

Player connection [30968] Host "[IP] 192.168.0.105 [Port] 0 [Flags] 2 [Guid] 350615579 [EditorId] 350615579 [Version] 1048832 [Id] WindowsEditor(7,ÕÅ¾þÒÙ) [Debug] 1 [PackageName] WindowsEditor [ProjectName] Editor" joined alternative multi-casting on [225.0.0.222:34997]...

AS: AutoStreaming module initializing.
Refreshing native plugins compatible for Editor in 96.38 ms, found 3 plugins.
Preloading 0 native plugins for Editor in 0.00 ms.
Initialize engine version: 2021.3.18f1c1 (93698379025b)
[Subsystems] Discovering subsystems at path C:/Program Files/Unity/Hub/Editor/2021.3.18f1c1/Editor/Data/Resources/UnitySubsystems
[Subsystems] Discovering subsystems at path D:/Assessment3/Assessment3/Assets
GfxDevice: creating device client; threaded=0; jobified=0
Direct3D:
    Version:  Direct3D 11.0 [level 11.1]
    Renderer: NVIDIA GeForce RTX 4060 Laptop GPU (ID=0x28e0)
    Vendor:   NVIDIA
    VRAM:     7957 MB
    Driver:   32.0.15.5597
Initialize mono
Mono path[0] = 'C:/Program Files/Unity/Hub/Editor/2021.3.18f1c1/Editor/Data/Managed'
Mono path[1] = 'C:/Program Files/Unity/Hub/Editor/2021.3.18f1c1/Editor/Data/MonoBleedingEdge/lib/mono/unityjit-win32'
Mono config path = 'C:/Program Files/Unity/Hub/Editor/2021.3.18f1c1/Editor/Data/MonoBleedingEdge/etc'
Using monoOptions --debugger-agent=transport=dt_socket,embedding=1,server=y,suspend=n,address=127.0.0.1:56632
Begin MonoManager ReloadAssembly
Registering precompiled unity dll's ...
Register platform support module: C:/Program Files/Unity/Hub/Editor/2021.3.18f1c1/Editor/Data/PlaybackEngines/WebGLSupport/UnityEditor.WebGL.Extensions.dll
Register platform support module: C:/Program Files/Unity/Hub/Editor/2021.3.18f1c1/Editor/Data/PlaybackEngines/WindowsStandaloneSupport/UnityEditor.WindowsStandalone.Extensions.dll
Registered in 0.010032 seconds.
Native extension for WindowsStandalone target not found
Native extension for WebGL target not found
Refreshing native plugins compatible for Editor in 83.55 ms, found 3 plugins.
Preloading 0 native plugins for Editor in 0.00 ms.
Mono: successfully reloaded assembly
- Completed reload, in  0.648 seconds
Domain Reload Profiling:
	ReloadAssembly (649ms)
		BeginReloadAssembly (85ms)
			ExecutionOrderSort (0ms)
			DisableScriptedObjects (0ms)
			BackupInstance (0ms)
			ReleaseScriptingObjects (0ms)
			CreateAndSetChildDomain (1ms)
		EndReloadAssembly (433ms)
			LoadAssemblies (77ms)
			RebuildTransferFunctionScriptingTraits (0ms)
			SetupTypeCache (103ms)
			ReleaseScriptCaches (0ms)
			RebuildScriptCaches (23ms)
			SetupLoadedEditorAssemblies (250ms)
				LogAssemblyErrors (0ms)
				InitializePlatformSupportModulesInManaged (9ms)
				SetLoadedEditorAssemblies (0ms)
				RefreshPlugins (84ms)
				BeforeProcessingInitializeOnLoad (1ms)
				ProcessInitializeOnLoadAttributes (108ms)
				ProcessInitializeOnLoadMethodAttributes (48ms)
				AfterProcessingInitializeOnLoad (0ms)
				EditorAssembliesLoaded (0ms)
			ExecutionOrderSort2 (0ms)
			AwakeInstancesAfterBackupRestoration (0ms)
Platform modules already initialized, skipping
Registering precompiled user dll's ...
Registered in 0.010865 seconds.
Begin MonoManager ReloadAssembly
Symbol file LoadedFromMemory doesn't match image D:\Assessment3\Assessment3\Library\PackageCache\com.unity.visualscripting@1.8.0\Editor\VisualScripting.Core\Dependencies\YamlDotNet\Unity.VisualScripting.YamlDotNet.dll
Symbol file LoadedFromMemory doesn't match image D:\Assessment3\Assessment3\Library\PackageCache\com.unity.visualscripting@1.8.0\Editor\VisualScripting.Core\Dependencies\DotNetZip\Unity.VisualScripting.IonicZip.dll
Native extension for WindowsStandalone target not found
Native extension for WebGL target not found
Refreshing native plugins compatible for Editor in 0.74 ms, found 3 plugins.
Preloading 0 native plugins for Editor in 0.00 ms.
Mono: successfully reloaded assembly
- Completed reload, in  0.968 seconds
Domain Reload Profiling:
	ReloadAssembly (969ms)
		BeginReloadAssembly (121ms)
			ExecutionOrderSort (0ms)
			DisableScriptedObjects (7ms)
			BackupInstance (0ms)
			ReleaseScriptingObjects (0ms)
			CreateAndSetChildDomain (20ms)
		EndReloadAssembly (728ms)
			LoadAssemblies (88ms)
			RebuildTransferFunctionScriptingTraits (0ms)
			SetupTypeCache (230ms)
			ReleaseScriptCaches (0ms)
			RebuildScriptCaches (44ms)
			SetupLoadedEditorAssemblies (326ms)
				LogAssemblyErrors (0ms)
				InitializePlatformSupportModulesInManaged (8ms)
				SetLoadedEditorAssemblies (0ms)
				RefreshPlugins (1ms)
				BeforeProcessingInitializeOnLoad (96ms)
				ProcessInitializeOnLoadAttributes (184ms)
				ProcessInitializeOnLoadMethodAttributes (16ms)
				AfterProcessingInitializeOnLoad (21ms)
				EditorAssembliesLoaded (0ms)
			ExecutionOrderSort2 (0ms)
			AwakeInstancesAfterBackupRestoration (11ms)
Platform modules already initialized, skipping
========================================================================
Worker process is ready to serve import requests
Launched and connected shader compiler UnityShaderCompiler.exe after 0.10 seconds
Refreshing native plugins compatible for Editor in 0.60 ms, found 3 plugins.
Preloading 0 native plugins for Editor in 0.00 ms.
Unloading 3182 Unused Serialized files (Serialized files now loaded: 0)
Unloading 24 unused Assets / (415.4 KB). Loaded Objects now: 3664.
Memory consumption went from 146.0 MB to 145.6 MB.
Total: 3.046800 ms (FindLiveObjects: 0.319800 ms CreateObjectMapping: 0.094800 ms MarkObjects: 2.402900 ms  DeleteObjects: 0.228200 ms)

AssetImportParameters requested are different than current active one (requested -> active):
  custom:video-decoder-ogg-theora: a1e56fd34408186e4bbccfd4996cb3dc -> 
  custom:container-muxer-webm: aa71ff27fc2769a1b78a27578f13a17b -> 
  custom:container-demuxer-webm: 4f35f7cbe854078d1ac9338744f61a02 -> 
  custom:video-encoder-webm-vp8: eb34c28f22e8b96e1ab97ce403110664 -> 
  custom:video-codec-MediaFoundation-h265: 746d11721c4dcdbdad8f713fa42b33f4 -> 
  custom:audio-encoder-webm-vorbis: bf7c407c2cedff20999df2af8eb42d56 -> 
  custom:framework-win-MediaFoundation: 216162199b28c13a410421893ffa2e32 -> 
  custom:container-demuxer-ogg: 62fdf1f143b41e24485cea50d1cbac27 -> 
  custom:video-decoder-webm-vp8: 9c59270c3fd7afecdb556c50c9e8de78 -> 
  custom:audio-decoder-ogg-vorbis: bf7c407c2cedff20999df2af8eb42d56 -> 
========================================================================
Received Import Request.
  Time since last request: 73833.973150 seconds.
  path: Assets/City3/Meshes/Demo_Block.fbx
  artifactKey: Guid(3c7d5dece75cf9845ad850601668e7d8) Importer(815301076,1909f56bfc062723c751e8b465ee728b)
Start importing Assets/City3/Meshes/Demo_Block.fbx using Guid(3c7d5dece75cf9845ad850601668e7d8) Importer(815301076,1909f56bfc062723c751e8b465ee728b)  -> (artifact id: '46668524c8e7b51e836b8deba8a97bef') in 0.320512 seconds 
========================================================================
Received Import Request.
  Time since last request: 44.141846 seconds.
  path: Assets/City1/Mesh/Building_A1.fbx
  artifactKey: Guid(e48ed78ee18a85b4ab1b16c0f67824b5) Importer(815301076,1909f56bfc062723c751e8b465ee728b)
Start importing Assets/City1/Mesh/Building_A1.fbx using Guid(e48ed78ee18a85b4ab1b16c0f67824b5) Importer(815301076,1909f56bfc062723c751e8b465ee728b)  -> (artifact id: '1fbe911b6dfa06eb2839be1d8f07a952') in 0.027171 seconds 
========================================================================
Received Import Request.
  Time since last request: 0.000022 seconds.
  path: Assets/City1/Mesh/Hydrant.fbx
  artifactKey: Guid(e929ac57e943d3c489f18cb67b6b4ac2) Importer(815301076,1909f56bfc062723c751e8b465ee728b)
Start importing Assets/City1/Mesh/Hydrant.fbx using Guid(e929ac57e943d3c489f18cb67b6b4ac2) Importer(815301076,1909f56bfc062723c751e8b465ee728b)  -> (artifact id: '3378d83f73356fe4b637d470ae22d4ae') in 0.020013 seconds 
========================================================================
Received Import Request.
  Time since last request: 0.000025 seconds.
  path: Assets/City1/Mesh/Sidewalk_05.fbx
  artifactKey: Guid(5b37bebced2befa4cb0fa7e92016e465) Importer(815301076,1909f56bfc062723c751e8b465ee728b)
Start importing Assets/City1/Mesh/Sidewalk_05.fbx using Guid(5b37bebced2befa4cb0fa7e92016e465) Importer(815301076,1909f56bfc062723c751e8b465ee728b)  -> (artifact id: 'd9eec24bb56449c00949eb3bace26e84') in 0.018465 seconds 
========================================================================
Received Import Request.
  Time since last request: 0.000029 seconds.
  path: Assets/City1/Mesh/street_.fbx
  artifactKey: Guid(72e65272e9752d842a914dd27fd86306) Importer(815301076,1909f56bfc062723c751e8b465ee728b)
Start importing Assets/City1/Mesh/street_.fbx using Guid(72e65272e9752d842a914dd27fd86306) Importer(815301076,1909f56bfc062723c751e8b465ee728b)  -> (artifact id: 'd7f90d0c4c530836804579089f947f2b') in 0.018551 seconds 
========================================================================
Received Import Request.
  Time since last request: 0.000040 seconds.
  path: Assets/City1/Mesh/Shop_B.fbx
  artifactKey: Guid(82fffc905fad13948a591b76e545791d) Importer(815301076,1909f56bfc062723c751e8b465ee728b)
Start importing Assets/City1/Mesh/Shop_B.fbx using Guid(82fffc905fad13948a591b76e545791d) Importer(815301076,1909f56bfc062723c751e8b465ee728b)  -> (artifact id: '9b238623329e0ce049f51f1690219060') in 0.033012 seconds 
========================================================================
Received Import Request.
  Time since last request: 7.250995 seconds.
  path: Assets/City1/Prefabs/Building_A1_prefab.prefab
  artifactKey: Guid(562df8355904213468a690c4ce6740b6) Importer(815301076,1909f56bfc062723c751e8b465ee728b)
Start importing Assets/City1/Prefabs/Building_A1_prefab.prefab using Guid(562df8355904213468a690c4ce6740b6) Importer(815301076,1909f56bfc062723c751e8b465ee728b)  -> (artifact id: '29e9752e96d62f36788af7ce2943bbdf') in 0.018531 seconds 
========================================================================
Received Import Request.
  Time since last request: 0.000021 seconds.
  path: Assets/City1/Prefabs/Building_M_prefab.prefab
  artifactKey: Guid(84bb406b82cecb24cb1ffe5d4359339d) Importer(815301076,1909f56bfc062723c751e8b465ee728b)
Start importing Assets/City1/Prefabs/Building_M_prefab.prefab using Guid(84bb406b82cecb24cb1ffe5d4359339d) Importer(815301076,1909f56bfc062723c751e8b465ee728b)  -> (artifact id: 'fce209595cc88b1ca433e148b02526a7') in 0.017679 seconds 
========================================================================
Received Import Request.
  Time since last request: 0.000028 seconds.
  path: Assets/City1/Prefabs/Building_N_Prefab.prefab
  artifactKey: Guid(bbad862e7e06efe4a8ad0346a53e3cde) Importer(815301076,1909f56bfc062723c751e8b465ee728b)
Start importing Assets/City1/Prefabs/Building_N_Prefab.prefab using Guid(bbad862e7e06efe4a8ad0346a53e3cde) Importer(815301076,1909f56bfc062723c751e8b465ee728b)  -> (artifact id: '4b3958e01f674d93aa18d9c7b35f9d3a') in 0.022188 seconds 
========================================================================
Received Import Request.
  Time since last request: 0.000029 seconds.
  path: Assets/City1/Prefabs/Shop_B_prefab.prefab
  artifactKey: Guid(9a52ba64c3a0abf49ad9515917ade04b) Importer(815301076,1909f56bfc062723c751e8b465ee728b)
Start importing Assets/City1/Prefabs/Shop_B_prefab.prefab using Guid(9a52ba64c3a0abf49ad9515917ade04b) Importer(815301076,1909f56bfc062723c751e8b465ee728b)  -> (artifact id: 'cd81e3341dd729251fd7db80d3cafe63') in 0.266647 seconds 
========================================================================
Received Import Request.
  Time since last request: 464.916139 seconds.
  path: Assets/City2/Models/Props_Roof prop air.fbx
  artifactKey: Guid(dccc704d9a70b064b8d29fe27fcbc17b) Importer(815301076,1909f56bfc062723c751e8b465ee728b)
Start importing Assets/City2/Models/Props_Roof prop air.fbx using Guid(dccc704d9a70b064b8d29fe27fcbc17b) Importer(815301076,1909f56bfc062723c751e8b465ee728b)  -> (artifact id: '1b67bb894d8732b0659fa8f60cea73ab') in 0.016348 seconds 
========================================================================
Received Import Request.
  Time since last request: 0.004128 seconds.
  path: Assets/City2/Models/Props_Roof_prop.fbx
  artifactKey: Guid(46c5f3202ef79174c9c96903bbae627a) Importer(815301076,1909f56bfc062723c751e8b465ee728b)
Start importing Assets/City2/Models/Props_Roof_prop.fbx using Guid(46c5f3202ef79174c9c96903bbae627a) Importer(815301076,1909f56bfc062723c751e8b465ee728b)  -> (artifact id: 'a6f92f50260517db36a0823e209b1e0a') in 0.017215 seconds 
========================================================================
Received Import Request.
  Time since last request: 0.006345 seconds.
  path: Assets/City2/Models/Props_Traffic Sign_stop.fbx
  artifactKey: Guid(ffcc7ab27000f2a4dbcc4ff9f0526b4d) Importer(815301076,1909f56bfc062723c751e8b465ee728b)
Start importing Assets/City2/Models/Props_Traffic Sign_stop.fbx using Guid(ffcc7ab27000f2a4dbcc4ff9f0526b4d) Importer(815301076,1909f56bfc062723c751e8b465ee728b)  -> (artifact id: '43c005b7be8685b5ff671b9cccac8706') in 0.019391 seconds 
========================================================================
Received Import Request.
  Time since last request: 0.000028 seconds.
  path: Assets/City2/Models/Props_Traffic Signal_small.fbx
  artifactKey: Guid(fbe896a67df88784abb1f38733468a13) Importer(815301076,1909f56bfc062723c751e8b465ee728b)
Start importing Assets/City2/Models/Props_Traffic Signal_small.fbx using Guid(fbe896a67df88784abb1f38733468a13) Importer(815301076,1909f56bfc062723c751e8b465ee728b)  -> (artifact id: 'c319fd9df68a0adfaa07946179dd10b6') in 0.016947 seconds 
========================================================================
Received Import Request.
  Time since last request: 0.000024 seconds.
  path: Assets/City2/Models/Road Lane_03.fbx
  artifactKey: Guid(ea4072799b7e8ef4d84f4a2cd70bb115) Importer(815301076,1909f56bfc062723c751e8b465ee728b)
Start importing Assets/City2/Models/Road Lane_03.fbx using Guid(ea4072799b7e8ef4d84f4a2cd70bb115) Importer(815301076,1909f56bfc062723c751e8b465ee728b)  -> (artifact id: '6042c3fa7b6c9771b8f3d6e0dd14e614') in 0.018875 seconds 
========================================================================
Received Import Request.
  Time since last request: 0.000028 seconds.
  path: Assets/City2/Models/Road Split Line.fbx
  artifactKey: Guid(63ec040e5e2c7354191119a82429932a) Importer(815301076,1909f56bfc062723c751e8b465ee728b)
Start importing Assets/City2/Models/Road Split Line.fbx using Guid(63ec040e5e2c7354191119a82429932a) Importer(815301076,1909f56bfc062723c751e8b465ee728b)  -> (artifact id: '74d959b7d4a119a16126c73884cf985e') in 0.016255 seconds 
========================================================================
Received Import Request.
  Time since last request: 0.000029 seconds.
  path: Assets/City2/Models/Road Corner_02.fbx
  artifactKey: Guid(b38a4b1b87a3b81429916ae40f4a3f6f) Importer(815301076,1909f56bfc062723c751e8b465ee728b)
Start importing Assets/City2/Models/Road Corner_02.fbx using Guid(b38a4b1b87a3b81429916ae40f4a3f6f) Importer(815301076,1909f56bfc062723c751e8b465ee728b)  -> (artifact id: '7613e0ad7c0a61153f2445e3b3355f8a') in 0.019423 seconds 
========================================================================
Received Import Request.
  Time since last request: 0.000025 seconds.
  path: Assets/City2/Models/Road Intersection_02.fbx
  artifactKey: Guid(e99a120d866554343b007e93ab80eb6a) Importer(815301076,1909f56bfc062723c751e8b465ee728b)
Start importing Assets/City2/Models/Road Intersection_02.fbx using Guid(e99a120d866554343b007e93ab80eb6a) Importer(815301076,1909f56bfc062723c751e8b465ee728b)  -> (artifact id: 'cf169ac0553ec12acf8209474d04a903') in 0.015994 seconds 
========================================================================
Received Import Request.
  Time since last request: 0.000050 seconds.
  path: Assets/City2/Models/Road Lane_02.fbx
  artifactKey: Guid(11b7c9a58a603e74caec54e139efb58d) Importer(815301076,1909f56bfc062723c751e8b465ee728b)
Start importing Assets/City2/Models/Road Lane_02.fbx using Guid(11b7c9a58a603e74caec54e139efb58d) Importer(815301076,1909f56bfc062723c751e8b465ee728b)  -> (artifact id: 'a4c2d1069dcbcfe992feae7508f7763e') in 0.014296 seconds 
========================================================================
Received Import Request.
  Time since last request: 0.000029 seconds.
  path: Assets/City2/Models/Props_Street Light.fbx
  artifactKey: Guid(ab761d05302615348a9aed34ccd58dd7) Importer(815301076,1909f56bfc062723c751e8b465ee728b)
Start importing Assets/City2/Models/Props_Street Light.fbx using Guid(ab761d05302615348a9aed34ccd58dd7) Importer(815301076,1909f56bfc062723c751e8b465ee728b)  -> (artifact id: 'd33369fa783869d69785d488dc45441b') in 0.018392 seconds 
========================================================================
Received Import Request.
  Time since last request: 0.000022 seconds.
  path: Assets/City2/Models/Road Concrete Tile.fbx
  artifactKey: Guid(61c90ccd67ff728469bdcf9849269ad6) Importer(815301076,1909f56bfc062723c751e8b465ee728b)
Start importing Assets/City2/Models/Road Concrete Tile.fbx using Guid(61c90ccd67ff728469bdcf9849269ad6) Importer(815301076,1909f56bfc062723c751e8b465ee728b)  -> (artifact id: '842946c95cff45ae5c12f428bcb081df') in 0.014219 seconds 
========================================================================
Received Import Request.
  Time since last request: 0.000026 seconds.
  path: Assets/City2/Models/Road Lane_01.fbx
  artifactKey: Guid(e3c71c50de390ec4190b877211ba0717) Importer(815301076,1909f56bfc062723c751e8b465ee728b)
Start importing Assets/City2/Models/Road Lane_01.fbx using Guid(e3c71c50de390ec4190b877211ba0717) Importer(815301076,1909f56bfc062723c751e8b465ee728b)  -> (artifact id: '240730c6299eccdb5d1466b1e6102ed0') in 0.017521 seconds 
========================================================================
Received Import Request.
  Time since last request: 0.000028 seconds.
  path: Assets/City2/Models/Road Concrete Tile Small.fbx
  artifactKey: Guid(d4f2e69b8ed6aed4885772810d0f4a20) Importer(815301076,1909f56bfc062723c751e8b465ee728b)
Start importing Assets/City2/Models/Road Concrete Tile Small.fbx using Guid(d4f2e69b8ed6aed4885772810d0f4a20) Importer(815301076,1909f56bfc062723c751e8b465ee728b)  -> (artifact id: 'fea953439a18014cb366533ca6155612') in 0.015386 seconds 
========================================================================
Received Import Request.
  Time since last request: 26.036216 seconds.
  path: Assets/City2/Models/Road Tile.fbx
  artifactKey: Guid(7b654bd76adcefd44b4799d4290822fb) Importer(815301076,1909f56bfc062723c751e8b465ee728b)
Start importing Assets/City2/Models/Road Tile.fbx using Guid(7b654bd76adcefd44b4799d4290822fb) Importer(815301076,1909f56bfc062723c751e8b465ee728b)  -> (artifact id: '72ceedc4a56e257b1b5e5d12b5a3f5bc') in 0.018873 seconds 
========================================================================
Received Import Request.
  Time since last request: 0.000026 seconds.
  path: Assets/City2/Models/Vehicle_Bus.fbx
  artifactKey: Guid(0d82ae0493e1c264bad0588fde0a3d8a) Importer(815301076,1909f56bfc062723c751e8b465ee728b)
Start importing Assets/City2/Models/Vehicle_Bus.fbx using Guid(0d82ae0493e1c264bad0588fde0a3d8a) Importer(815301076,1909f56bfc062723c751e8b465ee728b)  -> (artifact id: '29c5c9284abc1ab8a2c6a52980f15592') in 0.015444 seconds 
========================================================================
Received Import Request.
  Time since last request: 0.000022 seconds.
  path: Assets/City2/Models/Vehicle_Car_separate.fbx
  artifactKey: Guid(62742ca8cd0c30a44b9301b3fae00884) Importer(815301076,1909f56bfc062723c751e8b465ee728b)
Start importing Assets/City2/Models/Vehicle_Car_separate.fbx using Guid(62742ca8cd0c30a44b9301b3fae00884) Importer(815301076,1909f56bfc062723c751e8b465ee728b)  -> (artifact id: '161c4c41c0eb3f47050f80d2cf253c2d') in 0.067507 seconds 
========================================================================
Received Import Request.
  Time since last request: 0.000025 seconds.
  path: Assets/City2/Models/Vehicle_Car.fbx
  artifactKey: Guid(49fee4c5907e33545a3b2db2e9d66675) Importer(815301076,1909f56bfc062723c751e8b465ee728b)
Start importing Assets/City2/Models/Vehicle_Car.fbx using Guid(49fee4c5907e33545a3b2db2e9d66675) Importer(815301076,1909f56bfc062723c751e8b465ee728b)  -> (artifact id: '14f8c83bb518a9f26ac02be3f85d7549') in 0.018924 seconds 
========================================================================
Received Import Request.
  Time since last request: 0.000044 seconds.
  path: Assets/City2/Models/Vehicle_Pick up Truck_separate.fbx
  artifactKey: Guid(c99e98d2e12a88c42912742cf2de3eb6) Importer(815301076,1909f56bfc062723c751e8b465ee728b)
Start importing Assets/City2/Models/Vehicle_Pick up Truck_separate.fbx using Guid(c99e98d2e12a88c42912742cf2de3eb6) Importer(815301076,1909f56bfc062723c751e8b465ee728b)  -> (artifact id: 'b8f497dc2c34b352d2227c2117a50155') in 0.064415 seconds 
========================================================================
Received Import Request.
  Time since last request: 0.000024 seconds.
  path: Assets/City2/Models/Vehicle_SUV_separate.fbx
  artifactKey: Guid(1592d15b209482a419d7871e61ae4e5e) Importer(815301076,1909f56bfc062723c751e8b465ee728b)
Start importing Assets/City2/Models/Vehicle_SUV_separate.fbx using Guid(1592d15b209482a419d7871e61ae4e5e) Importer(815301076,1909f56bfc062723c751e8b465ee728b)  -> (artifact id: 'ac482b195272c80ccb0c02e413a67cfa') in 0.072932 seconds 
========================================================================
Received Import Request.
  Time since last request: 0.000219 seconds.
  path: Assets/City2/Models/Vehicle_Police Car_separate.fbx
  artifactKey: Guid(9cfaa27d2ed0cb5489d16d0b33a850bb) Importer(815301076,1909f56bfc062723c751e8b465ee728b)
Start importing Assets/City2/Models/Vehicle_Police Car_separate.fbx using Guid(9cfaa27d2ed0cb5489d16d0b33a850bb) Importer(815301076,1909f56bfc062723c751e8b465ee728b)  -> (artifact id: 'c0ed7775cbf955196755dce530a9159b') in 0.055521 seconds 
========================================================================
Received Import Request.
  Time since last request: 165.317255 seconds.
  path: Assets/NatureStarterKit2/Textures/bark01.tga
  artifactKey: Guid(0b851eea454bcc74ebf763a1e97d7c2f) Importer(815301076,1909f56bfc062723c751e8b465ee728b)
Start importing Assets/NatureStarterKit2/Textures/bark01.tga using Guid(0b851eea454bcc74ebf763a1e97d7c2f) Importer(815301076,1909f56bfc062723c751e8b465ee728b)  -> (artifact id: 'cd5a098408c01927f33a07006fc46b03') in 0.026352 seconds 
========================================================================
Received Import Request.
  Time since last request: 0.019986 seconds.
  path: Assets/NatureStarterKit2/Textures/branch01.tga
  artifactKey: Guid(9dd29b2fd426d81459d6020818e420ac) Importer(815301076,1909f56bfc062723c751e8b465ee728b)
Start importing Assets/NatureStarterKit2/Textures/branch01.tga using Guid(9dd29b2fd426d81459d6020818e420ac) Importer(815301076,1909f56bfc062723c751e8b465ee728b)  -> (artifact id: 'fdcdff628f07804816d672c78f0c3572') in 0.015191 seconds 
========================================================================
Received Import Request.
  Time since last request: 0.000025 seconds.
  path: Assets/NatureStarterKit2/Textures/ground03.tga
  artifactKey: Guid(5edd0aaa57578b84da829c036eecf914) Importer(815301076,1909f56bfc062723c751e8b465ee728b)
Start importing Assets/NatureStarterKit2/Textures/ground03.tga using Guid(5edd0aaa57578b84da829c036eecf914) Importer(815301076,1909f56bfc062723c751e8b465ee728b)  -> (artifact id: 'b9e4763c491a7c0e249984e444bb222e') in 0.015257 seconds 
========================================================================
Received Import Request.
  Time since last request: 0.000025 seconds.
  path: Assets/NatureStarterKit2/Textures/sky.psd
  artifactKey: Guid(76978aa5b0f025044af653342c95adac) Importer(815301076,1909f56bfc062723c751e8b465ee728b)
Start importing Assets/NatureStarterKit2/Textures/sky.psd using Guid(76978aa5b0f025044af653342c95adac) Importer(815301076,1909f56bfc062723c751e8b465ee728b)  -> (artifact id: 'be9b0d51eeed70732f62f89f6707bea9') in 0.019977 seconds 
========================================================================
Received Import Request.
  Time since last request: 0.000026 seconds.
  path: Assets/NatureStarterKit2/Textures/ground02.tga
  artifactKey: Guid(3e8f839d23c8c7f42b81fc76f0dbeb9f) Importer(815301076,1909f56bfc062723c751e8b465ee728b)
Start importing Assets/NatureStarterKit2/Textures/ground02.tga using Guid(3e8f839d23c8c7f42b81fc76f0dbeb9f) Importer(815301076,1909f56bfc062723c751e8b465ee728b)  -> (artifact id: 'ced71a8403e72c1463d79ba40937963c') in 0.013077 seconds 
========================================================================
Received Import Request.
  Time since last request: 0.000026 seconds.
  path: Assets/NatureStarterKit2/Textures/grass02.tga
  artifactKey: Guid(e3f873c56651ccd4a83ab80769dd19f3) Importer(815301076,1909f56bfc062723c751e8b465ee728b)
Start importing Assets/NatureStarterKit2/Textures/grass02.tga using Guid(e3f873c56651ccd4a83ab80769dd19f3) Importer(815301076,1909f56bfc062723c751e8b465ee728b)  -> (artifact id: '6989be3fcac0c52c907e0050d05aaa2a') in 0.013459 seconds 
========================================================================
Received Import Request.
  Time since last request: 0.000022 seconds.
  path: Assets/NatureStarterKit2/Textures/bush01.tga
  artifactKey: Guid(cd0dd843ef8672e4896d03c7a66fa5da) Importer(815301076,1909f56bfc062723c751e8b465ee728b)
Start importing Assets/NatureStarterKit2/Textures/bush01.tga using Guid(cd0dd843ef8672e4896d03c7a66fa5da) Importer(815301076,1909f56bfc062723c751e8b465ee728b)  -> (artifact id: '9dc497ccf913cea631465f87f0af920e') in 0.010528 seconds 
========================================================================
Received Import Request.
  Time since last request: 1.387706 seconds.
  path: Assets/NatureStarterKit2/Scene/New Terrain.asset
  artifactKey: Guid(32620d2a18d1d6543869088db9e2d1c5) Importer(815301076,1909f56bfc062723c751e8b465ee728b)
Start importing Assets/NatureStarterKit2/Scene/New Terrain.asset using Guid(32620d2a18d1d6543869088db9e2d1c5) Importer(815301076,1909f56bfc062723c751e8b465ee728b)  -> (artifact id: '7ebea2b187e0ef2963f321517316ecc5') in 0.062552 seconds 
========================================================================
Received Import Request.
  Time since last request: 1.075418 seconds.
  path: Assets/NatureStarterKit2/Nature/bush01.prefab
  artifactKey: Guid(d638ef2ca2fe20c4c9c08e125692d3f4) Importer(815301076,1909f56bfc062723c751e8b465ee728b)
Start importing Assets/NatureStarterKit2/Nature/bush01.prefab using Guid(d638ef2ca2fe20c4c9c08e125692d3f4) Importer(815301076,1909f56bfc062723c751e8b465ee728b)  -> (artifact id: 'ad891ab85cb1be49961cc6afb0d9cac4') in 0.061598 seconds 
========================================================================
Received Import Request.
  Time since last request: 0.000026 seconds.
  path: Assets/NatureStarterKit2/Nature/tree03.prefab
  artifactKey: Guid(4e2dd32c733005a44b50004d673dc653) Importer(815301076,1909f56bfc062723c751e8b465ee728b)
Start importing Assets/NatureStarterKit2/Nature/tree03.prefab using Guid(4e2dd32c733005a44b50004d673dc653) Importer(815301076,1909f56bfc062723c751e8b465ee728b)  -> (artifact id: 'd23dfb5f270cd87c1c6c39bedce21a53') in 0.032388 seconds 
========================================================================
Received Import Request.
  Time since last request: 0.000023 seconds.
  path: Assets/NatureStarterKit2/Nature/bush05.prefab
  artifactKey: Guid(bb660abd3b29d9f44866fd79795dbca4) Importer(815301076,1909f56bfc062723c751e8b465ee728b)
Start importing Assets/NatureStarterKit2/Nature/bush05.prefab using Guid(bb660abd3b29d9f44866fd79795dbca4) Importer(815301076,1909f56bfc062723c751e8b465ee728b)  -> (artifact id: '4a08862620d089e04cd0dfac7a0b0fc3') in 0.028554 seconds 
========================================================================
Received Import Request.
  Time since last request: 0.000020 seconds.
  path: Assets/NatureStarterKit2/Nature/tree04.prefab
  artifactKey: Guid(aae542b8a65f39b49b008fa689ce9804) Importer(815301076,1909f56bfc062723c751e8b465ee728b)
Start importing Assets/NatureStarterKit2/Nature/tree04.prefab using Guid(aae542b8a65f39b49b008fa689ce9804) Importer(815301076,1909f56bfc062723c751e8b465ee728b)  -> (artifact id: '9e55126d3603e99d4e383dbd8d2748b2') in 0.031175 seconds 
========================================================================
Received Import Request.
  Time since last request: 0.000021 seconds.
  path: Assets/NatureStarterKit2/Nature/bush04.prefab
  artifactKey: Guid(d15b44addf30da74f946086ec0aa993c) Importer(815301076,1909f56bfc062723c751e8b465ee728b)
Start importing Assets/NatureStarterKit2/Nature/bush04.prefab using Guid(d15b44addf30da74f946086ec0aa993c) Importer(815301076,1909f56bfc062723c751e8b465ee728b)  -> (artifact id: '22e097449c940e305b1b116c8e616670') in 0.031469 seconds 
Editor requested this worker to shutdown with reason: Scaling down because of idle timeout
AssetImportWorker is now disconnected from the server
Process exiting
Exiting without the bug reporter. Application will terminate with return code 0